[themezhub.net/goodup-live/goodup/home-4.html]
[backblue.gif]
[fade.gif]
[index.html]
[themezhub.net/goodup-live/goodup/assets/img/favicon.png]
[themezhub.net/goodup-live/goodup/assets/css/styles.css]
[themezhub.net/goodup-live/goodup/assets/img/logo.png]
[themezhub.net/goodup-live/goodup/add-listing.html]
[themezhub.net/goodup-live/goodup/index.html]
[themezhub.net/goodup-live/goodup/home-2.html]
[themezhub.net/goodup-live/goodup/home-3.html]
[themezhub.net/goodup-live/goodup/home-5.html]
[themezhub.net/goodup-live/goodup/listing-search-v1.html]
[themezhub.net/goodup-live/goodup/listing-search-v2.html]
[themezhub.net/goodup-live/goodup/listing-search-v3.html]
[themezhub.net/goodup-live/goodup/listing-search-with-map.html]
[themezhub.net/goodup-live/goodup/listing-search-v4.html]
[themezhub.net/goodup-live/goodup/listing-search-v5.html]
[themezhub.net/goodup-live/goodup/half-map-search-1.html]
[themezhub.net/goodup-live/goodup/half-map-search-2.html]
[themezhub.net/goodup-live/goodup/half-map-search-3.html]
[themezhub.net/goodup-live/goodup/single-listing-detail-1.html]
[themezhub.net/goodup-live/goodup/single-listing-detail-2.html]
[themezhub.net/goodup-live/goodup/single-listing-detail-3.html]
[themezhub.net/goodup-live/goodup/single-listing-detail-4.html]
[themezhub.net/goodup-live/goodup/single-listing-detail-5.html]
[themezhub.net/goodup-live/goodup/single-listing-detail-6.html]
[themezhub.net/goodup-live/goodup/single-listing-detail-7.html]
[themezhub.net/goodup-live/goodup/single-listing-detail-8.html]
[themezhub.net/goodup-live/goodup/author-detail.html]
[themezhub.net/goodup-live/goodup/dashboard.html]
[themezhub.net/goodup-live/goodup/dashboard-my-listings.html]
[themezhub.net/goodup-live/goodup/dashboard-add-listings.html]
[themezhub.net/goodup-live/goodup/dashboard-saved-listings.html]
[themezhub.net/goodup-live/goodup/dashboard-my-bookings.html]
[themezhub.net/goodup-live/goodup/dashboard-wallet.html]
[themezhub.net/goodup-live/goodup/dashboard-messages.html]
[themezhub.net/goodup-live/goodup/dashboard-my-profile.html]
[themezhub.net/goodup-live/goodup/dashboard-change-password.html]
[themezhub.net/goodup-live/goodup/blog.html]
[themezhub.net/goodup-live/goodup/about-us.html]
[themezhub.net/goodup-live/goodup/contact.html]
[themezhub.net/goodup-live/goodup/checkout.html]
[themezhub.net/goodup-live/goodup/pricing.html]
[themezhub.net/goodup-live/goodup/signup.html]
[themezhub.net/goodup-live/goodup/login.html]
[themezhub.net/goodup-live/goodup/privacy.html]
[themezhub.net/goodup-live/goodup/faq.html]
[themezhub.net/goodup-live/goodup/404.html]
[themezhub.net/goodup-live/goodup/assets/img/list.png]
[themezhub.net/goodup-live/goodup/assets/img/listing/l-1.jpg]
[themezhub.net/goodup-live/goodup/assets/img/t-1.png]
[themezhub.net/goodup-live/goodup/assets/img/listing/l-2.jpg]
[themezhub.net/goodup-live/goodup/assets/img/t-2.png]
[themezhub.net/goodup-live/goodup/assets/img/listing/l-3.jpg]
[themezhub.net/goodup-live/goodup/assets/img/t-3.png]
[themezhub.net/goodup-live/goodup/assets/img/listing/l-4.jpg]
[themezhub.net/goodup-live/goodup/assets/img/t-4.png]
[themezhub.net/goodup-live/goodup/assets/img/listing/l-5.jpg]
[themezhub.net/goodup-live/goodup/assets/img/t-5.png]
[themezhub.net/goodup-live/goodup/assets/img/listing/l-6.jpg]
[themezhub.net/goodup-live/goodup/assets/img/t-6.png]
[themezhub.net/goodup-live/goodup/assets/img/listing/l-7.jpg]
[themezhub.net/goodup-live/goodup/assets/img/t-7.png]
[themezhub.net/goodup-live/goodup/assets/img/listing/l-8.jpg]
[themezhub.net/goodup-live/goodup/assets/img/t-8.png]
[themezhub.net/goodup-live/goodup/assets/img/l-1.jpg]
[themezhub.net/goodup-live/goodup/assets/img/l-2.jpg]
[themezhub.net/goodup-live/goodup/assets/img/l-3.jpg]
[themezhub.net/goodup-live/goodup/assets/img/l-4.jpg]
[themezhub.net/goodup-live/goodup/assets/img/l-5.jpg]
[themezhub.net/goodup-live/goodup/assets/img/l-6.jpg]
[themezhub.net/goodup-live/goodup/assets/img/l-7.jpg]
[themezhub.net/goodup-live/goodup/assets/img/l-8.jpg]
[themezhub.net/goodup-live/goodup/assets/img/bg.jpg]
[themezhub.net/goodup-live/goodup/assets/img/landing-bg.png]
[themezhub.net/goodup-live/goodup/assets/img/c-1.png]
[themezhub.net/goodup-live/goodup/assets/img/facebook.png]
[themezhub.net/goodup-live/goodup/assets/js/jquery.min.js]
[themezhub.net/goodup-live/goodup/assets/js/popper.min.js]
[themezhub.net/goodup-live/goodup/assets/js/bootstrap.min.js]
[themezhub.net/goodup-live/goodup/assets/js/slick.js]
[themezhub.net/goodup-live/goodup/assets/js/jquery.magnific-popup.min.js]
[themezhub.net/goodup-live/goodup/assets/js/dropzone.js]
[themezhub.net/goodup-live/goodup/assets/js/counterup.js]
[themezhub.net/goodup-live/goodup/assets/js/lightbox.js]
[themezhub.net/goodup-live/goodup/assets/js/moment.min.js]
[themezhub.net/goodup-live/goodup/assets/js/daterangepicker.js]
[themezhub.net/goodup-live/goodup/assets/js/jQuery.style.switcher.js]
[themezhub.net/goodup-live/goodup/home-4.html]
[themezhub.net/goodup-live/goodup/assets/js/custom.js]
[themezhub.net/goodup-live/goodup/assets/css/plugins/animation.css]
[themezhub.net/goodup-live/goodup/assets/css/plugins/bootstrap.min.css]
[themezhub.net/goodup-live/goodup/assets/css/plugins/slick.css]
[themezhub.net/goodup-live/goodup/assets/css/plugins/slick-theme.css]
[themezhub.net/goodup-live/goodup/assets/css/plugins/dropzone.css]
[themezhub.net/goodup-live/goodup/assets/css/plugins/magnificpopup.css]
[themezhub.net/goodup-live/goodup/assets/css/plugins/date-picker.css]
[themezhub.net/goodup-live/goodup/assets/css/plugins/themify.css]
[themezhub.net/goodup-live/goodup/assets/css/plugins/line-icons.css]
[themezhub.net/goodup-live/goodup/assets/css/plugins/iconfont.css]
[themezhub.net/goodup-live/goodup/assets/css/plugins/font-awesome.css]
[themezhub.net/goodup-live/goodup/assets/css/plugins/flaticon.css]
[themezhub.net/goodup-live/goodup/assets/img/loader.gif]
[themezhub.net/goodup-live/goodup/assets/img/veryfy.svg]
[themezhub.net/goodup-live/goodup/assets/css/styles.css]
[themezhub.net/goodup-live/goodup/login]
[themezhub.net/goodup-live/goodup/assets/img/cover.jpg]
[themezhub.net/goodup-live/goodup/dashboard-add-listing.html]
[themezhub.net/goodup-live/goodup/add-listing.html]
[themezhub.net/goodup-live/goodup/assets/img/banner.jpg]
[themezhub.net/goodup-live/goodup/assets/img/c-1.jpg]
[themezhub.net/goodup-live/goodup/assets/img/c-2.jpg]
[themezhub.net/goodup-live/goodup/assets/img/c-3.jpg]
[themezhub.net/goodup-live/goodup/assets/img/c-4.jpg]
[themezhub.net/goodup-live/goodup/index.html]
[themezhub.net/goodup-live/goodup/assets/img/banner-2.jpg]
[themezhub.net/goodup-live/goodup/assets/img/listing/l-9.jpg]
[themezhub.net/goodup-live/goodup/assets/img/listing/l-10.jpg]
[themezhub.net/goodup-live/goodup/assets/img/listing/l-11.jpg]
[themezhub.net/goodup-live/goodup/event-detail.html]
[themezhub.net/goodup-live/goodup/assets/img/doc-1.jpg]
[themezhub.net/goodup-live/goodup/assets/img/doc-2.jpg]
[themezhub.net/goodup-live/goodup/assets/img/doc-3.jpg]
[themezhub.net/goodup-live/goodup/assets/img/doc-4.jpg]
[themezhub.net/goodup-live/goodup/assets/img/doc-5.jpg]
[themezhub.net/goodup-live/goodup/assets/img/doc-6.jpg]
[themezhub.net/goodup-live/goodup/assets/img/doc-7.jpg]
[themezhub.net/goodup-live/goodup/assets/img/doc-8.jpg]
[themezhub.net/goodup-live/goodup/assets/img/car/c-1.jpg]
[themezhub.net/goodup-live/goodup/search-car.html]
[themezhub.net/goodup-live/goodup/assets/img/car/c-2.jpg]
[themezhub.net/goodup-live/goodup/assets/img/car/c-3.jpg]
[themezhub.net/goodup-live/goodup/assets/img/car/c-4.jpg]
[themezhub.net/goodup-live/goodup/assets/img/car/c-5.jpg]
[themezhub.net/goodup-live/goodup/assets/img/car/c-6.jpg]
[themezhub.net/goodup-live/goodup/assets/img/car/c-7.jpg]
[themezhub.net/goodup-live/goodup/assets/img/car/c-8.jpg]
[themezhub.net/goodup-live/goodup/assets/img/real/r-1.jpg]
[themezhub.net/goodup-live/goodup/search-property.html]
[themezhub.net/goodup-live/goodup/assets/img/real/r-2.jpg]
[themezhub.net/goodup-live/goodup/assets/img/real/r-3.jpg]
[themezhub.net/goodup-live/goodup/assets/img/real/r-4.jpg]
[themezhub.net/goodup-live/goodup/assets/img/real/r-5.jpg]
[themezhub.net/goodup-live/goodup/assets/img/real/r-6.jpg]
[themezhub.net/goodup-live/goodup/assets/img/real/r-7.jpg]
[themezhub.net/goodup-live/goodup/assets/img/rooms/1.jpg]
[themezhub.net/goodup-live/goodup/assets/img/rooms/2.jpg]
[themezhub.net/goodup-live/goodup/assets/img/rooms/3.jpg]
[themezhub.net/goodup-live/goodup/assets/img/rooms/4.jpg]
[themezhub.net/goodup-live/goodup/assets/img/rooms/5.jpg]
[themezhub.net/goodup-live/goodup/assets/img/rooms/6.jpg]
[themezhub.net/goodup-live/goodup/assets/img/rooms/7.jpg]
[themezhub.net/goodup-live/goodup/assets/img/rooms/8.jpg]
[themezhub.net/goodup-live/goodup/assets/img/c-2.png]
[themezhub.net/goodup-live/goodup/assets/img/c-3.png]
[themezhub.net/goodup-live/goodup/assets/img/c-4.png]
[themezhub.net/goodup-live/goodup/assets/img/c-5.png]
[themezhub.net/goodup-live/goodup/assets/img/c-6.png]
[themezhub.net/goodup-live/goodup/assets/img/c-7.png]
[themezhub.net/goodup-live/goodup/assets/img/c-8.png]
[themezhub.net/goodup-live/goodup/assets/img/c-9.png]
[themezhub.net/goodup-live/goodup/assets/img/c-10.png]
[themezhub.net/goodup-live/goodup/assets/img/c-11.png]
[themezhub.net/goodup-live/goodup/assets/img/l-1.png]
[themezhub.net/goodup-live/goodup/assets/img/l-2.png]
[themezhub.net/goodup-live/goodup/assets/img/l-3.png]
[themezhub.net/goodup-live/goodup/assets/img/l-4.png]
[themezhub.net/goodup-live/goodup/assets/img/l-5.png]
[themezhub.net/goodup-live/goodup/assets/img/l-6.png]
[themezhub.net/goodup-live/goodup/assets/img/l-7.png]
[themezhub.net/goodup-live/goodup/assets/img/l-8.png]
[themezhub.net/goodup-live/goodup/assets/img/l-9.png]
[themezhub.net/goodup-live/goodup/assets/img/l-10.png]
[themezhub.net/goodup-live/goodup/blog-detail.html]
[themezhub.net/goodup-live/goodup/assets/img/b-4.jpg]
[themezhub.net/goodup-live/goodup/assets/img/team-2.jpg]
[themezhub.net/goodup-live/goodup/assets/img/b-5.jpg]
[themezhub.net/goodup-live/goodup/assets/img/team-3.jpg]
[themezhub.net/goodup-live/goodup/assets/img/b-6.jpg]
[themezhub.net/goodup-live/goodup/assets/img/team-5.jpg]
[themezhub.net/goodup-live/goodup/assets/img/ios.png]
[themezhub.net/goodup-live/goodup/assets/img/and.png]
[themezhub.net/goodup-live/goodup/assets/img/app.png]
[themezhub.net/goodup-live/goodup/home-2.html]
[themezhub.net/goodup-live/goodup/assets/img/logo-light.png]
[themezhub.net/goodup-live/goodup/assets/img/banner-3.jpg]
[themezhub.net/goodup-live/goodup/search.html]
[themezhub.net/goodup-live/goodup/home-3.html]
[themezhub.net/goodup-live/goodup/assets/img/banner-6.jpg]
[themezhub.net/goodup-live/goodup/assets/img/bn-5.png]
[themezhub.net/goodup-live/goodup/assets/img/bn-4.png]
[themezhub.net/goodup-live/goodup/home-5.html]
[themezhub.net/goodup-live/goodup/assets/img/icons/fast-delivery.png]
[themezhub.net/goodup-live/goodup/assets/img/icons/burger.png]
[themezhub.net/goodup-live/goodup/assets/img/icons/booking.png]
[themezhub.net/goodup-live/goodup/assets/img/icons/house.png]
[themezhub.net/goodup-live/goodup/assets/img/icons/chinese-food.png]
[themezhub.net/goodup-live/goodup/assets/img/icons/mexican-hat.png]
[themezhub.net/goodup-live/goodup/assets/img/icons/dish.png]
[themezhub.net/goodup-live/goodup/assets/img/icons/tom-yum.png]
[themezhub.net/goodup-live/goodup/assets/img/icons/hammer.png]
[themezhub.net/goodup-live/goodup/assets/img/icons/coconut-tree.png]
[themezhub.net/goodup-live/goodup/assets/img/icons/broken-cable.png]
[themezhub.net/goodup-live/goodup/assets/img/icons/padlock.png]
[themezhub.net/goodup-live/goodup/assets/img/icons/basket.png]
[themezhub.net/goodup-live/goodup/assets/img/icons/delivery-truck.png]
[themezhub.net/goodup-live/goodup/assets/img/icons/home.png]
[themezhub.net/goodup-live/goodup/assets/img/icons/plumbering.png]
[themezhub.net/goodup-live/goodup/assets/img/icons/wrench.png]
[themezhub.net/goodup-live/goodup/assets/img/icons/rental-car.png]
[themezhub.net/goodup-live/goodup/assets/img/icons/sketch.png]
[themezhub.net/goodup-live/goodup/assets/img/icons/oil.png]
[themezhub.net/goodup-live/goodup/assets/img/icons/shopping-bag.png]
[themezhub.net/goodup-live/goodup/assets/img/icons/parking.png]
[themezhub.net/goodup-live/goodup/assets/img/icons/car-wash.png]
[themezhub.net/goodup-live/goodup/assets/img/icons/tow-truck.png]
[themezhub.net/goodup-live/goodup/assets/img/icons/towel-hanger.png]
[themezhub.net/goodup-live/goodup/assets/img/icons/salon.png]
[themezhub.net/goodup-live/goodup/assets/img/icons/smartphone.png]
[themezhub.net/goodup-live/goodup/assets/img/icons/weights.png]
[themezhub.net/goodup-live/goodup/assets/img/icons/cocktail.png]
[themezhub.net/goodup-live/goodup/assets/img/icons/spa.png]
[themezhub.net/goodup-live/goodup/assets/img/icons/poinsettia.png]
[themezhub.net/goodup-live/goodup/assets/img/icons/online-shopping.png]
[themezhub.net/goodup-live/goodup/assets/img/listing/l-12.jpg]
[themezhub.net/goodup-live/goodup/listing-search-v1.html]
[themezhub.net/goodup-live/goodup/listing-detail-2.d8.delayed]
[themezhub.net/goodup-live/goodup/listing-search-v2.html]
[themezhub.net/goodup-live/goodup/listing-search-v3.html]
[themezhub.net/goodup-live/goodup/assets/js/map_infobox.js]
[themezhub.net/goodup-live/goodup/assets/js/markerclusterer.js]
[themezhub.net/goodup-live/goodup/assets/js/map.js]
[themezhub.net/goodup-live/goodup/listing-search-with-map.html]
[themezhub.net/goodup-live/goodup/listing-search-v4.html]
[themezhub.net/goodup-live/goodup/listing-search-v5.html]
[themezhub.net/goodup-live/goodup/half-map-search-1.html]
[themezhub.net/goodup-live/goodup/half-map-search-2.html]
[themezhub.net/goodup-live/goodup/half-map-search-3.html]
[themezhub.net/goodup-live/goodup/assets/img/lg-1.png]
[themezhub.net/goodup-live/goodup/assets/img/lg-2.png]
[themezhub.net/goodup-live/goodup/assets/img/lg-3.png]
[themezhub.net/goodup-live/goodup/assets/img/lg-4.png]
[themezhub.net/goodup-live/goodup/assets/img/lg-5.png]
[themezhub.net/goodup-live/goodup/assets/img/lg-6.png]
[themezhub.net/goodup-live/goodup/assets/img/lg-7.png]
[themezhub.net/goodup-live/goodup/assets/img/lg-8.png]
[themezhub.net/goodup-live/goodup/assets/img/burger-king.png]
[themezhub.net/goodup-live/goodup/assets/img/m-1.png]
[themezhub.net/goodup-live/goodup/assets/img/m-2.png]
[themezhub.net/goodup-live/goodup/assets/img/m-3.png]
[themezhub.net/goodup-live/goodup/assets/img/m-4.png]
[themezhub.net/goodup-live/goodup/assets/img/m-5.png]
[themezhub.net/goodup-live/goodup/assets/img/m-6.png]
[themezhub.net/goodup-live/goodup/assets/img/verify.svg]
[themezhub.net/goodup-live/goodup/single-listing-detail-1.html]
[themezhub.net/goodup-live/goodup/single-listing-detail-2.html]
[themezhub.net/goodup-live/goodup/single-listing-detail-3.html]
[themezhub.net/goodup-live/goodup/assets/img/med/1.jpg]
[themezhub.net/goodup-live/goodup/assets/img/med/2.jpg]
[themezhub.net/goodup-live/goodup/assets/img/med/3.jpg]
[themezhub.net/goodup-live/goodup/assets/img/med/4.jpg]
[themezhub.net/goodup-live/goodup/assets/img/med/5.jpg]
[themezhub.net/goodup-live/goodup/assets/img/med/6.jpg]
[themezhub.net/goodup-live/goodup/assets/img/med/7.jpg]
[themezhub.net/goodup-live/goodup/assets/img/med/8.jpg]
[themezhub.net/goodup-live/goodup/single-listing-detail-4.html]
[themezhub.net/goodup-live/goodup/assets/img/real/r-8.jpg]
[themezhub.net/goodup-live/goodup/single-listing-detail-5.html]
[themezhub.net/goodup-live/goodup/single-listing-detail-6.html]
[themezhub.net/goodup-live/goodup/single-listing-detail-7.html]
[themezhub.net/goodup-live/goodup/single-listing-detail-8.html]
[themezhub.net/goodup-live/goodup/author-detail.html]
[themezhub.net/goodup-live/goodup/assets/js/plugins/morris.js/morris.css]
[themezhub.net/goodup-live/goodup/assets/js/plugins/raphael/raphael.min.js]
[themezhub.net/goodup-live/goodup/assets/js/plugins/morris.js/morris.min.js]
[themezhub.net/goodup-live/goodup/assets/js/plugins/dashboard-2.js]
[themezhub.net/goodup-live/goodup/dashboard.html]
[themezhub.net/goodup-live/goodup/dashboard-my-listings.html]
[themezhub.net/goodup-live/goodup/dashboard-add-listings.html]
[themezhub.net/goodup-live/goodup/dashboard-saved-listings.html]
[themezhub.net/goodup-live/goodup/dashboard-my-bookings.html]
[themezhub.net/goodup-live/goodup/dashboard-wallet.html]
[themezhub.net/goodup-live/goodup/assets/img/user-1.jpg]
[themezhub.net/goodup-live/goodup/assets/img/user-8.jpg]
[themezhub.net/goodup-live/goodup/dashboard-messages.html]
[themezhub.net/goodup-live/goodup/dashboard-my-profile.html]
[themezhub.net/goodup-live/goodup/dashboard-change-password.html]
[themezhub.net/goodup-live/goodup/assets/img/b-1.jpg]
[themezhub.net/goodup-live/goodup/assets/img/b-2.jpg]
[themezhub.net/goodup-live/goodup/assets/img/b-3.jpg]
[themezhub.net/goodup-live/goodup/blog.html]
[themezhub.net/goodup-live/goodup/assets/img/about.jpg]
[themezhub.net/goodup-live/goodup/about-us.html]
[themezhub.net/goodup-live/goodup/contact.html]
[themezhub.net/goodup-live/goodup/assets/img/paypal.png]
[themezhub.net/goodup-live/goodup/assets/img/debit.png]
[themezhub.net/goodup-live/goodup/checkout.html]
[themezhub.net/goodup-live/goodup/pricing.html]
[themezhub.net/goodup-live/goodup/signup.html]
[themezhub.net/goodup-live/goodup/login.html]
[themezhub.net/goodup-live/goodup/privacy.html]
[themezhub.net/goodup-live/goodup/faq.html]
[themezhub.net/goodup-live/goodup/assets/img/404.png]
[themezhub.net/goodup-live/goodup/404.html]
[themezhub.net/goodup-live/goodup/assets/js/jquery.min.js]
[themezhub.net/goodup-live/goodup/assets/js/popper.min.js]
[themezhub.net/goodup-live/goodup/assets/js/bootstrap.min.js]
[themezhub.net/goodup-live/goodup/assets/js/slick.js]
[themezhub.net/goodup-live/goodup/assets/js/jquery.magnific-popup.min.js]
[themezhub.net/goodup-live/goodup/assets/js/dropzone.js]
[themezhub.net/goodup-live/goodup/assets/js/counterup.js]
[themezhub.net/goodup-live/goodup/assets/js/lightbox.js]
[themezhub.net/goodup-live/goodup/assets/js/moment.min.js]
[themezhub.net/goodup-live/goodup/assets/js/daterangepicker.js]
[themezhub.net/goodup-live/goodup/assets/js/jQuery.style.switcher.js]
[themezhub.net/goodup-live/goodup/assets/js/custom.js]
[themezhub.net/goodup-live/goodup/assets/css/plugins/animation.css]
[themezhub.net/goodup-live/goodup/assets/css/plugins/bootstrap.min.css]
[themezhub.net/goodup-live/goodup/assets/css/plugins/slick.css]
[themezhub.net/goodup-live/goodup/assets/css/plugins/ajax-loader.gif]
[themezhub.net/goodup-live/goodup/assets/css/fonts/slick.eot]
[themezhub.net/goodup-live/goodup/assets/css/fonts/slickd41d.eot]
[themezhub.net/goodup-live/goodup/assets/css/fonts/slick.woff]
[themezhub.net/goodup-live/goodup/assets/css/fonts/slick.ttf]
[themezhub.net/goodup-live/goodup/assets/css/plugins/fonts/slick.svg]
[themezhub.net/goodup-live/goodup/assets/css/plugins/slick-theme.css]
[themezhub.net/goodup-live/goodup/assets/css/plugins/dropzone.css]
[themezhub.net/goodup-live/goodup/assets/css/plugins/magnificpopup.css]
[themezhub.net/goodup-live/goodup/assets/css/plugins/date-picker.css]
[themezhub.net/goodup-live/goodup/assets/css/fonts/themify9f24.eot]
[themezhub.net/goodup-live/goodup/assets/css/fonts/themifyd41d.eot]
[themezhub.net/goodup-live/goodup/assets/css/fonts/themify9f24.woff]
[themezhub.net/goodup-live/goodup/assets/css/fonts/themify9f24.ttf]
[themezhub.net/goodup-live/goodup/assets/css/plugins/themify.css]
[themezhub.net/goodup-live/goodup/assets/css/fonts/themify9f24.svg]
[themezhub.net/goodup-live/goodup/assets/css/plugins/fonts/LineIcons.eot]
[themezhub.net/goodup-live/goodup/assets/css/fonts/LineIcons.eot]
[themezhub.net/goodup-live/goodup/assets/css/fonts/LineIcons.woff2]
[themezhub.net/goodup-live/goodup/assets/css/fonts/LineIcons.woff]
[themezhub.net/goodup-live/goodup/assets/css/fonts/LineIcons.ttf]
[themezhub.net/goodup-live/goodup/assets/css/plugins/line-icons.css]
[themezhub.net/goodup-live/goodup/assets/css/fonts/icofont.woff2]
[themezhub.net/goodup-live/goodup/assets/css/fonts/LineIcons.svg]
[themezhub.net/goodup-live/goodup/assets/css/fonts/icofont.woff]
[themezhub.net/goodup-live/goodup/assets/css/plugins/iconfont.css]
[themezhub.net/goodup-live/goodup/assets/css/fonts/fa-brands-400.eot]
[themezhub.net/goodup-live/goodup/assets/css/fonts/fa-brands-400.woff2]
[themezhub.net/goodup-live/goodup/assets/css/fonts/fa-brands-400d41d.eot]
[themezhub.net/goodup-live/goodup/assets/css/fonts/fa-brands-400.woff]
[themezhub.net/goodup-live/goodup/assets/css/fonts/fa-brands-400.ttf]
[themezhub.net/goodup-live/goodup/assets/css/fonts/fa-regular-400.eot]
[themezhub.net/goodup-live/goodup/assets/css/fonts/fa-regular-400d41d.eot]
[themezhub.net/goodup-live/goodup/assets/css/fonts/fa-regular-400.woff2]
[themezhub.net/goodup-live/goodup/assets/css/fonts/fa-brands-400.svg]
[themezhub.net/goodup-live/goodup/assets/css/fonts/fa-regular-400.woff]
[themezhub.net/goodup-live/goodup/assets/css/fonts/fa-regular-400.ttf]
[themezhub.net/goodup-live/goodup/assets/css/fonts/fa-regular-400.svg]
[themezhub.net/goodup-live/goodup/assets/css/fonts/fa-solid-900.eot]
[themezhub.net/goodup-live/goodup/assets/css/fonts/fa-solid-900d41d.eot]
[themezhub.net/goodup-live/goodup/assets/css/fonts/fa-solid-900.woff2]
[themezhub.net/goodup-live/goodup/assets/css/fonts/fa-solid-900.woff]
[themezhub.net/goodup-live/goodup/assets/css/plugins/font-awesome.css]
[themezhub.net/goodup-live/goodup/assets/css/fonts/fa-solid-900.ttf]
[themezhub.net/goodup-live/goodup/assets/css/fonts/Flaticon.eot]
[themezhub.net/goodup-live/goodup/assets/css/fonts/fa-solid-900.svg]
[themezhub.net/goodup-live/goodup/assets/css/fonts/Flaticond41d.eot]
[themezhub.net/goodup-live/goodup/assets/css/fonts/Flaticon.woff]
[themezhub.net/goodup-live/goodup/assets/css/fonts/Flaticon.ttf]
[themezhub.net/goodup-live/goodup/assets/css/fonts/Flaticon.svg]
[themezhub.net/goodup-live/goodup/assets/css/fonts/houses.eot]
[themezhub.net/goodup-live/goodup/assets/css/fonts/housesd41d.eot]
[themezhub.net/goodup-live/goodup/assets/css/fonts/houses.woff]
[themezhub.net/goodup-live/goodup/assets/css/fonts/houses.ttf]
[themezhub.net/goodup-live/goodup/assets/css/plugins/flaticon.css]
[themezhub.net/goodup-live/goodup/assets/img/veryfy.html]
[themezhub.net/goodup-live/goodup/login-2.html]
[themezhub.net/goodup-live/goodup/assets/css/fonts/houses.svg]
[themezhub.net/goodup-live/goodup/dashboard-add-listing.html]
[themezhub.net/goodup-live/goodup/employer-detail.html]
[themezhub.net/goodup-live/goodup/event-detail.html]
[themezhub.net/goodup-live/goodup/search-car.html]
[themezhub.net/goodup-live/goodup/search-property.html]
[themezhub.net/goodup-live/goodup/assets/img/user-2.jpg]
[themezhub.net/goodup-live/goodup/assets/img/user-4.jpg]
[themezhub.net/goodup-live/goodup/assets/img/user-5.jpg]
[themezhub.net/goodup-live/goodup/blog-detail.html]
[themezhub.net/goodup-live/goodup/search.html]
[themezhub.net/goodup-live/goodup/listing-detail-2.html]
[themezhub.net/goodup-live/goodup/assets/js/map_infobox.js]
[themezhub.net/goodup-live/goodup/assets/js/markerclusterer.js]
[themezhub.net/goodup-live/goodup/assets/js/map.js]
[themezhub.net/goodup-live/goodup/assets/img/verify.svg]
[themezhub.net/goodup-live/goodup/assets/js/plugins/morris.js/morris.css]
[themezhub.net/goodup-live/goodup/assets/js/plugins/raphael/raphael.min.js]
[themezhub.net/goodup-live/goodup/assets/js/plugins/morris.js/morris.min.js]
[themezhub.net/goodup-live/goodup/assets/js/plugins/dashboard-2.js]
[themezhub.net/goodup-live/goodup/assets/css/plugins/fonts/slick.html]
[themezhub.net/goodup-live/goodup/assets/css/fonts/themify9f24.svg]
[themezhub.net/goodup-live/goodup/assets/css/plugins/fonts/LineIcons.html]
[themezhub.net/goodup-live/goodup/assets/css/fonts/LineIcons.svg]
[themezhub.net/goodup-live/goodup/assets/css/fonts/fa-brands-400.svg]
[themezhub.net/goodup-live/goodup/assets/css/fonts/fa-regular-400.svg]
[themezhub.net/goodup-live/goodup/assets/css/fonts/fa-solid-900.svg]
[themezhub.net/goodup-live/goodup/assets/css/fonts/Flaticon.svg]
[themezhub.net/goodup-live/goodup/assets/css/fonts/houses.svg]
[themezhub.net/goodup-live/goodup/employer-detail.html]
<<<<<<< HEAD

[themezhub.net/goodup-live/goodup/home-4.html]
[backblue.gif]
[fade.gif]
[index.html]
[themezhub.net/goodup-live/goodup/assets/img/favicon.png]
[themezhub.net/goodup-live/goodup/assets/css/styles.css]
[themezhub.net/goodup-live/goodup/assets/img/logo.png]
[themezhub.net/goodup-live/goodup/add-listing.html]
[themezhub.net/goodup-live/goodup/index.html]
[themezhub.net/goodup-live/goodup/home-2.html]
[themezhub.net/goodup-live/goodup/home-3.html]
[themezhub.net/goodup-live/goodup/home-5.html]
[themezhub.net/goodup-live/goodup/listing-search-v1.html]
[themezhub.net/goodup-live/goodup/listing-search-v2.html]
[themezhub.net/goodup-live/goodup/listing-search-v3.html]
[themezhub.net/goodup-live/goodup/listing-search-with-map.html]
[themezhub.net/goodup-live/goodup/listing-search-v4.html]
[themezhub.net/goodup-live/goodup/listing-search-v5.html]
[themezhub.net/goodup-live/goodup/half-map-search-1.html]
[themezhub.net/goodup-live/goodup/half-map-search-2.html]
[themezhub.net/goodup-live/goodup/half-map-search-3.html]
[themezhub.net/goodup-live/goodup/single-listing-detail-1.html]
[themezhub.net/goodup-live/goodup/single-listing-detail-2.html]
[themezhub.net/goodup-live/goodup/single-listing-detail-3.html]
[themezhub.net/goodup-live/goodup/single-listing-detail-4.html]
[themezhub.net/goodup-live/goodup/single-listing-detail-5.html]
[themezhub.net/goodup-live/goodup/single-listing-detail-6.html]
[themezhub.net/goodup-live/goodup/single-listing-detail-7.html]
[themezhub.net/goodup-live/goodup/single-listing-detail-8.html]
[themezhub.net/goodup-live/goodup/author-detail.html]
[themezhub.net/goodup-live/goodup/dashboard.html]
[themezhub.net/goodup-live/goodup/dashboard-my-listings.html]
[themezhub.net/goodup-live/goodup/dashboard-add-listings.html]
[themezhub.net/goodup-live/goodup/dashboard-saved-listings.html]
[themezhub.net/goodup-live/goodup/dashboard-my-bookings.html]
[themezhub.net/goodup-live/goodup/dashboard-wallet.html]
[themezhub.net/goodup-live/goodup/dashboard-messages.html]
[themezhub.net/goodup-live/goodup/dashboard-my-profile.html]
[themezhub.net/goodup-live/goodup/dashboard-change-password.html]
[themezhub.net/goodup-live/goodup/blog.html]
[themezhub.net/goodup-live/goodup/about-us.html]
[themezhub.net/goodup-live/goodup/contact.html]
[themezhub.net/goodup-live/goodup/checkout.html]
[themezhub.net/goodup-live/goodup/pricing.html]
[themezhub.net/goodup-live/goodup/signup.html]
[themezhub.net/goodup-live/goodup/login.html]
[themezhub.net/goodup-live/goodup/privacy.html]
[themezhub.net/goodup-live/goodup/faq.html]
[themezhub.net/goodup-live/goodup/404.html]
[themezhub.net/goodup-live/goodup/assets/img/list.png]
[themezhub.net/goodup-live/goodup/assets/img/listing/l-1.jpg]
[themezhub.net/goodup-live/goodup/assets/img/t-1.png]
[themezhub.net/goodup-live/goodup/assets/img/listing/l-2.jpg]
[themezhub.net/goodup-live/goodup/assets/img/t-2.png]
[themezhub.net/goodup-live/goodup/assets/img/listing/l-3.jpg]
[themezhub.net/goodup-live/goodup/assets/img/t-3.png]
[themezhub.net/goodup-live/goodup/assets/img/listing/l-4.jpg]
[themezhub.net/goodup-live/goodup/assets/img/t-4.png]
[themezhub.net/goodup-live/goodup/assets/img/listing/l-5.jpg]
[themezhub.net/goodup-live/goodup/assets/img/t-5.png]
[themezhub.net/goodup-live/goodup/assets/img/listing/l-6.jpg]
[themezhub.net/goodup-live/goodup/assets/img/t-6.png]
[themezhub.net/goodup-live/goodup/assets/img/listing/l-7.jpg]
[themezhub.net/goodup-live/goodup/assets/img/t-7.png]
[themezhub.net/goodup-live/goodup/assets/img/listing/l-8.jpg]
[themezhub.net/goodup-live/goodup/assets/img/t-8.png]
[themezhub.net/goodup-live/goodup/assets/img/l-1.jpg]
[themezhub.net/goodup-live/goodup/assets/img/l-2.jpg]
[themezhub.net/goodup-live/goodup/assets/img/l-3.jpg]
[themezhub.net/goodup-live/goodup/assets/img/l-4.jpg]
[themezhub.net/goodup-live/goodup/assets/img/l-5.jpg]
[themezhub.net/goodup-live/goodup/assets/img/l-6.jpg]
[themezhub.net/goodup-live/goodup/assets/img/l-7.jpg]
[themezhub.net/goodup-live/goodup/assets/img/l-8.jpg]
[themezhub.net/goodup-live/goodup/assets/img/bg.jpg]
[themezhub.net/goodup-live/goodup/assets/img/landing-bg.png]
[themezhub.net/goodup-live/goodup/assets/img/c-1.png]
[themezhub.net/goodup-live/goodup/assets/img/facebook.png]
[themezhub.net/goodup-live/goodup/assets/js/jquery.min.js]
[themezhub.net/goodup-live/goodup/assets/js/popper.min.js]
[themezhub.net/goodup-live/goodup/assets/js/bootstrap.min.js]
[themezhub.net/goodup-live/goodup/assets/js/slick.js]
[themezhub.net/goodup-live/goodup/assets/js/jquery.magnific-popup.min.js]
[themezhub.net/goodup-live/goodup/assets/js/dropzone.js]
[themezhub.net/goodup-live/goodup/assets/js/counterup.js]
[themezhub.net/goodup-live/goodup/assets/js/lightbox.js]
[themezhub.net/goodup-live/goodup/assets/js/moment.min.js]
[themezhub.net/goodup-live/goodup/assets/js/daterangepicker.js]
[themezhub.net/goodup-live/goodup/assets/js/jQuery.style.switcher.js]
[themezhub.net/goodup-live/goodup/home-4.html]
[themezhub.net/goodup-live/goodup/assets/js/custom.js]
[themezhub.net/goodup-live/goodup/assets/css/plugins/animation.css]
[themezhub.net/goodup-live/goodup/assets/css/plugins/bootstrap.min.css]
[themezhub.net/goodup-live/goodup/assets/css/plugins/slick.css]
[themezhub.net/goodup-live/goodup/assets/css/plugins/slick-theme.css]
[themezhub.net/goodup-live/goodup/assets/css/plugins/dropzone.css]
[themezhub.net/goodup-live/goodup/assets/css/plugins/magnificpopup.css]
[themezhub.net/goodup-live/goodup/assets/css/plugins/date-picker.css]
[themezhub.net/goodup-live/goodup/assets/css/plugins/themify.css]
[themezhub.net/goodup-live/goodup/assets/css/plugins/line-icons.css]
[themezhub.net/goodup-live/goodup/assets/css/plugins/iconfont.css]
[themezhub.net/goodup-live/goodup/assets/css/plugins/font-awesome.css]
[themezhub.net/goodup-live/goodup/assets/css/plugins/flaticon.css]
[themezhub.net/goodup-live/goodup/assets/img/loader.gif]
[themezhub.net/goodup-live/goodup/assets/img/veryfy.svg]
[themezhub.net/goodup-live/goodup/assets/css/styles.css]
[themezhub.net/goodup-live/goodup/login]
[themezhub.net/goodup-live/goodup/assets/img/cover.jpg]
[themezhub.net/goodup-live/goodup/dashboard-add-listing.html]
[themezhub.net/goodup-live/goodup/add-listing.html]
[themezhub.net/goodup-live/goodup/assets/img/banner.jpg]
[themezhub.net/goodup-live/goodup/assets/img/c-1.jpg]
[themezhub.net/goodup-live/goodup/assets/img/c-2.jpg]
[themezhub.net/goodup-live/goodup/assets/img/c-3.jpg]
[themezhub.net/goodup-live/goodup/assets/img/c-4.jpg]
[themezhub.net/goodup-live/goodup/index.html]
[themezhub.net/goodup-live/goodup/assets/img/banner-2.jpg]
[themezhub.net/goodup-live/goodup/assets/img/listing/l-9.jpg]
[themezhub.net/goodup-live/goodup/assets/img/listing/l-10.jpg]
[themezhub.net/goodup-live/goodup/assets/img/listing/l-11.jpg]
[themezhub.net/goodup-live/goodup/event-detail.html]
[themezhub.net/goodup-live/goodup/assets/img/doc-1.jpg]
[themezhub.net/goodup-live/goodup/assets/img/doc-2.jpg]
[themezhub.net/goodup-live/goodup/assets/img/doc-3.jpg]
[themezhub.net/goodup-live/goodup/assets/img/doc-4.jpg]
[themezhub.net/goodup-live/goodup/assets/img/doc-5.jpg]
[themezhub.net/goodup-live/goodup/assets/img/doc-6.jpg]
[themezhub.net/goodup-live/goodup/assets/img/doc-7.jpg]
[themezhub.net/goodup-live/goodup/assets/img/doc-8.jpg]
[themezhub.net/goodup-live/goodup/assets/img/car/c-1.jpg]
[themezhub.net/goodup-live/goodup/search-car.html]
[themezhub.net/goodup-live/goodup/assets/img/car/c-2.jpg]
[themezhub.net/goodup-live/goodup/assets/img/car/c-3.jpg]
[themezhub.net/goodup-live/goodup/assets/img/car/c-4.jpg]
[themezhub.net/goodup-live/goodup/assets/img/car/c-5.jpg]
[themezhub.net/goodup-live/goodup/assets/img/car/c-6.jpg]
[themezhub.net/goodup-live/goodup/assets/img/car/c-7.jpg]
[themezhub.net/goodup-live/goodup/assets/img/car/c-8.jpg]
[themezhub.net/goodup-live/goodup/assets/img/real/r-1.jpg]
[themezhub.net/goodup-live/goodup/search-property.html]
[themezhub.net/goodup-live/goodup/assets/img/real/r-2.jpg]
[themezhub.net/goodup-live/goodup/assets/img/real/r-3.jpg]
[themezhub.net/goodup-live/goodup/assets/img/real/r-4.jpg]
[themezhub.net/goodup-live/goodup/assets/img/real/r-5.jpg]
[themezhub.net/goodup-live/goodup/assets/img/real/r-6.jpg]
[themezhub.net/goodup-live/goodup/assets/img/real/r-7.jpg]
[themezhub.net/goodup-live/goodup/assets/img/rooms/1.jpg]
[themezhub.net/goodup-live/goodup/assets/img/rooms/2.jpg]
[themezhub.net/goodup-live/goodup/assets/img/rooms/3.jpg]
[themezhub.net/goodup-live/goodup/assets/img/rooms/4.jpg]
[themezhub.net/goodup-live/goodup/assets/img/rooms/5.jpg]
[themezhub.net/goodup-live/goodup/assets/img/rooms/6.jpg]
[themezhub.net/goodup-live/goodup/assets/img/rooms/7.jpg]
[themezhub.net/goodup-live/goodup/assets/img/rooms/8.jpg]
[themezhub.net/goodup-live/goodup/assets/img/c-2.png]
[themezhub.net/goodup-live/goodup/assets/img/c-3.png]
[themezhub.net/goodup-live/goodup/assets/img/c-4.png]
[themezhub.net/goodup-live/goodup/assets/img/c-5.png]
[themezhub.net/goodup-live/goodup/assets/img/c-6.png]
[themezhub.net/goodup-live/goodup/assets/img/c-7.png]
[themezhub.net/goodup-live/goodup/assets/img/c-8.png]
[themezhub.net/goodup-live/goodup/assets/img/c-9.png]
[themezhub.net/goodup-live/goodup/assets/img/c-10.png]
[themezhub.net/goodup-live/goodup/assets/img/c-11.png]
[themezhub.net/goodup-live/goodup/assets/img/l-1.png]
[themezhub.net/goodup-live/goodup/assets/img/l-2.png]
[themezhub.net/goodup-live/goodup/assets/img/l-3.png]
[themezhub.net/goodup-live/goodup/assets/img/l-4.png]
[themezhub.net/goodup-live/goodup/assets/img/l-5.png]
[themezhub.net/goodup-live/goodup/assets/img/l-6.png]
[themezhub.net/goodup-live/goodup/assets/img/l-7.png]
[themezhub.net/goodup-live/goodup/assets/img/l-8.png]
[themezhub.net/goodup-live/goodup/assets/img/l-9.png]
[themezhub.net/goodup-live/goodup/assets/img/l-10.png]
[themezhub.net/goodup-live/goodup/blog-detail.html]
[themezhub.net/goodup-live/goodup/assets/img/b-4.jpg]
[themezhub.net/goodup-live/goodup/assets/img/team-2.jpg]
[themezhub.net/goodup-live/goodup/assets/img/b-5.jpg]
[themezhub.net/goodup-live/goodup/assets/img/team-3.jpg]
[themezhub.net/goodup-live/goodup/assets/img/b-6.jpg]
[themezhub.net/goodup-live/goodup/assets/img/team-5.jpg]
[themezhub.net/goodup-live/goodup/assets/img/ios.png]
[themezhub.net/goodup-live/goodup/assets/img/and.png]
[themezhub.net/goodup-live/goodup/assets/img/app.png]
[themezhub.net/goodup-live/goodup/home-2.html]
[themezhub.net/goodup-live/goodup/assets/img/logo-light.png]
[themezhub.net/goodup-live/goodup/assets/img/banner-3.jpg]
[themezhub.net/goodup-live/goodup/search.html]
[themezhub.net/goodup-live/goodup/home-3.html]
[themezhub.net/goodup-live/goodup/assets/img/banner-6.jpg]
[themezhub.net/goodup-live/goodup/assets/img/bn-5.png]
[themezhub.net/goodup-live/goodup/assets/img/bn-4.png]
[themezhub.net/goodup-live/goodup/home-5.html]
[themezhub.net/goodup-live/goodup/assets/img/icons/fast-delivery.png]
[themezhub.net/goodup-live/goodup/assets/img/icons/burger.png]
[themezhub.net/goodup-live/goodup/assets/img/icons/booking.png]
[themezhub.net/goodup-live/goodup/assets/img/icons/house.png]
[themezhub.net/goodup-live/goodup/assets/img/icons/chinese-food.png]
[themezhub.net/goodup-live/goodup/assets/img/icons/mexican-hat.png]
[themezhub.net/goodup-live/goodup/assets/img/icons/dish.png]
[themezhub.net/goodup-live/goodup/assets/img/icons/tom-yum.png]
[themezhub.net/goodup-live/goodup/assets/img/icons/hammer.png]
[themezhub.net/goodup-live/goodup/assets/img/icons/coconut-tree.png]
[themezhub.net/goodup-live/goodup/assets/img/icons/broken-cable.png]
[themezhub.net/goodup-live/goodup/assets/img/icons/padlock.png]
[themezhub.net/goodup-live/goodup/assets/img/icons/basket.png]
[themezhub.net/goodup-live/goodup/assets/img/icons/delivery-truck.png]
[themezhub.net/goodup-live/goodup/assets/img/icons/home.png]
[themezhub.net/goodup-live/goodup/assets/img/icons/plumbering.png]
[themezhub.net/goodup-live/goodup/assets/img/icons/wrench.png]
[themezhub.net/goodup-live/goodup/assets/img/icons/rental-car.png]
[themezhub.net/goodup-live/goodup/assets/img/icons/sketch.png]
[themezhub.net/goodup-live/goodup/assets/img/icons/oil.png]
[themezhub.net/goodup-live/goodup/assets/img/icons/shopping-bag.png]
[themezhub.net/goodup-live/goodup/assets/img/icons/parking.png]
[themezhub.net/goodup-live/goodup/assets/img/icons/car-wash.png]
[themezhub.net/goodup-live/goodup/assets/img/icons/tow-truck.png]
[themezhub.net/goodup-live/goodup/assets/img/icons/towel-hanger.png]
[themezhub.net/goodup-live/goodup/assets/img/icons/salon.png]
[themezhub.net/goodup-live/goodup/assets/img/icons/smartphone.png]
[themezhub.net/goodup-live/goodup/assets/img/icons/weights.png]
[themezhub.net/goodup-live/goodup/assets/img/icons/cocktail.png]
[themezhub.net/goodup-live/goodup/assets/img/icons/spa.png]
[themezhub.net/goodup-live/goodup/assets/img/icons/poinsettia.png]
[themezhub.net/goodup-live/goodup/assets/img/icons/online-shopping.png]
[themezhub.net/goodup-live/goodup/assets/img/listing/l-12.jpg]
[themezhub.net/goodup-live/goodup/listing-search-v1.html]
[themezhub.net/goodup-live/goodup/listing-detail-2.d8.delayed]
[themezhub.net/goodup-live/goodup/listing-search-v2.html]
[themezhub.net/goodup-live/goodup/listing-search-v3.html]
[themezhub.net/goodup-live/goodup/assets/js/map_infobox.js]
[themezhub.net/goodup-live/goodup/assets/js/markerclusterer.js]
[themezhub.net/goodup-live/goodup/assets/js/map.js]
[themezhub.net/goodup-live/goodup/listing-search-with-map.html]
[themezhub.net/goodup-live/goodup/listing-search-v4.html]
[themezhub.net/goodup-live/goodup/listing-search-v5.html]
[themezhub.net/goodup-live/goodup/half-map-search-1.html]
[themezhub.net/goodup-live/goodup/half-map-search-2.html]
[themezhub.net/goodup-live/goodup/half-map-search-3.html]
[themezhub.net/goodup-live/goodup/assets/img/lg-1.png]
[themezhub.net/goodup-live/goodup/assets/img/lg-2.png]
[themezhub.net/goodup-live/goodup/assets/img/lg-3.png]
[themezhub.net/goodup-live/goodup/assets/img/lg-4.png]
[themezhub.net/goodup-live/goodup/assets/img/lg-5.png]
[themezhub.net/goodup-live/goodup/assets/img/lg-6.png]
[themezhub.net/goodup-live/goodup/assets/img/lg-7.png]
[themezhub.net/goodup-live/goodup/assets/img/lg-8.png]
[themezhub.net/goodup-live/goodup/assets/img/burger-king.png]
[themezhub.net/goodup-live/goodup/assets/img/m-1.png]
[themezhub.net/goodup-live/goodup/assets/img/m-2.png]
[themezhub.net/goodup-live/goodup/assets/img/m-3.png]
[themezhub.net/goodup-live/goodup/assets/img/m-4.png]
[themezhub.net/goodup-live/goodup/assets/img/m-5.png]
[themezhub.net/goodup-live/goodup/assets/img/m-6.png]
[themezhub.net/goodup-live/goodup/assets/img/verify.svg]
[themezhub.net/goodup-live/goodup/single-listing-detail-1.html]
[themezhub.net/goodup-live/goodup/single-listing-detail-2.html]
[themezhub.net/goodup-live/goodup/single-listing-detail-3.html]
[themezhub.net/goodup-live/goodup/assets/img/med/1.jpg]
[themezhub.net/goodup-live/goodup/assets/img/med/2.jpg]
[themezhub.net/goodup-live/goodup/assets/img/med/3.jpg]
[themezhub.net/goodup-live/goodup/assets/img/med/4.jpg]
[themezhub.net/goodup-live/goodup/assets/img/med/5.jpg]
[themezhub.net/goodup-live/goodup/assets/img/med/6.jpg]
[themezhub.net/goodup-live/goodup/assets/img/med/7.jpg]
[themezhub.net/goodup-live/goodup/assets/img/med/8.jpg]
[themezhub.net/goodup-live/goodup/single-listing-detail-4.html]
[themezhub.net/goodup-live/goodup/assets/img/real/r-8.jpg]
[themezhub.net/goodup-live/goodup/single-listing-detail-5.html]
[themezhub.net/goodup-live/goodup/single-listing-detail-6.html]
[themezhub.net/goodup-live/goodup/single-listing-detail-7.html]
[themezhub.net/goodup-live/goodup/single-listing-detail-8.html]
[themezhub.net/goodup-live/goodup/author-detail.html]
[themezhub.net/goodup-live/goodup/assets/js/plugins/morris.js/morris.css]
[themezhub.net/goodup-live/goodup/assets/js/plugins/raphael/raphael.min.js]
[themezhub.net/goodup-live/goodup/assets/js/plugins/morris.js/morris.min.js]
[themezhub.net/goodup-live/goodup/assets/js/plugins/dashboard-2.js]
[themezhub.net/goodup-live/goodup/dashboard.html]
[themezhub.net/goodup-live/goodup/dashboard-my-listings.html]
[themezhub.net/goodup-live/goodup/dashboard-add-listings.html]
[themezhub.net/goodup-live/goodup/dashboard-saved-listings.html]
[themezhub.net/goodup-live/goodup/dashboard-my-bookings.html]
[themezhub.net/goodup-live/goodup/dashboard-wallet.html]
[themezhub.net/goodup-live/goodup/assets/img/user-1.jpg]
[themezhub.net/goodup-live/goodup/assets/img/user-8.jpg]
[themezhub.net/goodup-live/goodup/dashboard-messages.html]
[themezhub.net/goodup-live/goodup/dashboard-my-profile.html]
[themezhub.net/goodup-live/goodup/dashboard-change-password.html]
[themezhub.net/goodup-live/goodup/assets/img/b-1.jpg]
[themezhub.net/goodup-live/goodup/assets/img/b-2.jpg]
[themezhub.net/goodup-live/goodup/assets/img/b-3.jpg]
[themezhub.net/goodup-live/goodup/blog.html]
[themezhub.net/goodup-live/goodup/assets/img/about.jpg]
[themezhub.net/goodup-live/goodup/about-us.html]
[themezhub.net/goodup-live/goodup/contact.html]
[themezhub.net/goodup-live/goodup/assets/img/paypal.png]
[themezhub.net/goodup-live/goodup/assets/img/debit.png]
[themezhub.net/goodup-live/goodup/checkout.html]
[themezhub.net/goodup-live/goodup/pricing.html]
[themezhub.net/goodup-live/goodup/signup.html]
[themezhub.net/goodup-live/goodup/login.html]
[themezhub.net/goodup-live/goodup/privacy.html]
[themezhub.net/goodup-live/goodup/faq.html]
[themezhub.net/goodup-live/goodup/assets/img/404.png]
[themezhub.net/goodup-live/goodup/404.html]
[themezhub.net/goodup-live/goodup/assets/js/jquery.min.js]
[themezhub.net/goodup-live/goodup/assets/js/popper.min.js]
[themezhub.net/goodup-live/goodup/assets/js/bootstrap.min.js]
[themezhub.net/goodup-live/goodup/assets/js/slick.js]
[themezhub.net/goodup-live/goodup/assets/js/jquery.magnific-popup.min.js]
[themezhub.net/goodup-live/goodup/assets/js/dropzone.js]
[themezhub.net/goodup-live/goodup/assets/js/counterup.js]
[themezhub.net/goodup-live/goodup/assets/js/lightbox.js]
[themezhub.net/goodup-live/goodup/assets/js/moment.min.js]
[themezhub.net/goodup-live/goodup/assets/js/daterangepicker.js]
[themezhub.net/goodup-live/goodup/assets/js/jQuery.style.switcher.js]
[themezhub.net/goodup-live/goodup/assets/js/custom.js]
[themezhub.net/goodup-live/goodup/assets/css/plugins/animation.css]
[themezhub.net/goodup-live/goodup/assets/css/plugins/bootstrap.min.css]
[themezhub.net/goodup-live/goodup/assets/css/plugins/slick.css]
[themezhub.net/goodup-live/goodup/assets/css/plugins/ajax-loader.gif]
[themezhub.net/goodup-live/goodup/assets/css/fonts/slick.eot]
[themezhub.net/goodup-live/goodup/assets/css/fonts/slickd41d.eot]
[themezhub.net/goodup-live/goodup/assets/css/fonts/slick.woff]
[themezhub.net/goodup-live/goodup/assets/css/fonts/slick.ttf]
[themezhub.net/goodup-live/goodup/assets/css/plugins/fonts/slick.svg]
[themezhub.net/goodup-live/goodup/assets/css/plugins/slick-theme.css]
[themezhub.net/goodup-live/goodup/assets/css/plugins/dropzone.css]
[themezhub.net/goodup-live/goodup/assets/css/plugins/magnificpopup.css]
[themezhub.net/goodup-live/goodup/assets/css/plugins/date-picker.css]
[themezhub.net/goodup-live/goodup/assets/css/fonts/themify9f24.eot]
[themezhub.net/goodup-live/goodup/assets/css/fonts/themifyd41d.eot]
[themezhub.net/goodup-live/goodup/assets/css/fonts/themify9f24.woff]
[themezhub.net/goodup-live/goodup/assets/css/fonts/themify9f24.ttf]
[themezhub.net/goodup-live/goodup/assets/css/plugins/themify.css]
[themezhub.net/goodup-live/goodup/assets/css/fonts/themify9f24.svg]
[themezhub.net/goodup-live/goodup/assets/css/plugins/fonts/LineIcons.eot]
[themezhub.net/goodup-live/goodup/assets/css/fonts/LineIcons.eot]
[themezhub.net/goodup-live/goodup/assets/css/fonts/LineIcons.woff2]
[themezhub.net/goodup-live/goodup/assets/css/fonts/LineIcons.woff]
[themezhub.net/goodup-live/goodup/assets/css/fonts/LineIcons.ttf]
[themezhub.net/goodup-live/goodup/assets/css/plugins/line-icons.css]
[themezhub.net/goodup-live/goodup/assets/css/fonts/icofont.woff2]
[themezhub.net/goodup-live/goodup/assets/css/fonts/LineIcons.svg]
[themezhub.net/goodup-live/goodup/assets/css/fonts/icofont.woff]
[themezhub.net/goodup-live/goodup/assets/css/plugins/iconfont.css]
[themezhub.net/goodup-live/goodup/assets/css/fonts/fa-brands-400.eot]
[themezhub.net/goodup-live/goodup/assets/css/fonts/fa-brands-400.woff2]
[themezhub.net/goodup-live/goodup/assets/css/fonts/fa-brands-400d41d.eot]
[themezhub.net/goodup-live/goodup/assets/css/fonts/fa-brands-400.woff]
[themezhub.net/goodup-live/goodup/assets/css/fonts/fa-brands-400.ttf]
[themezhub.net/goodup-live/goodup/assets/css/fonts/fa-regular-400.eot]
[themezhub.net/goodup-live/goodup/assets/css/fonts/fa-regular-400d41d.eot]
[themezhub.net/goodup-live/goodup/assets/css/fonts/fa-regular-400.woff2]
[themezhub.net/goodup-live/goodup/assets/css/fonts/fa-brands-400.svg]
[themezhub.net/goodup-live/goodup/assets/css/fonts/fa-regular-400.woff]
[themezhub.net/goodup-live/goodup/assets/css/fonts/fa-regular-400.ttf]
[themezhub.net/goodup-live/goodup/assets/css/fonts/fa-regular-400.svg]
[themezhub.net/goodup-live/goodup/assets/css/fonts/fa-solid-900.eot]
[themezhub.net/goodup-live/goodup/assets/css/fonts/fa-solid-900d41d.eot]
[themezhub.net/goodup-live/goodup/assets/css/fonts/fa-solid-900.woff2]
[themezhub.net/goodup-live/goodup/assets/css/fonts/fa-solid-900.woff]
[themezhub.net/goodup-live/goodup/assets/css/plugins/font-awesome.css]
[themezhub.net/goodup-live/goodup/assets/css/fonts/fa-solid-900.ttf]
[themezhub.net/goodup-live/goodup/assets/css/fonts/Flaticon.eot]
[themezhub.net/goodup-live/goodup/assets/css/fonts/fa-solid-900.svg]
[themezhub.net/goodup-live/goodup/assets/css/fonts/Flaticond41d.eot]
[themezhub.net/goodup-live/goodup/assets/css/fonts/Flaticon.woff]
[themezhub.net/goodup-live/goodup/assets/css/fonts/Flaticon.ttf]
[themezhub.net/goodup-live/goodup/assets/css/fonts/Flaticon.svg]
[themezhub.net/goodup-live/goodup/assets/css/fonts/houses.eot]
[themezhub.net/goodup-live/goodup/assets/css/fonts/housesd41d.eot]
[themezhub.net/goodup-live/goodup/assets/css/fonts/houses.woff]
[themezhub.net/goodup-live/goodup/assets/css/fonts/houses.ttf]
[themezhub.net/goodup-live/goodup/assets/css/plugins/flaticon.css]
[themezhub.net/goodup-live/goodup/assets/img/veryfy.html]
[themezhub.net/goodup-live/goodup/login-2.html]
[themezhub.net/goodup-live/goodup/assets/css/fonts/houses.svg]
[themezhub.net/goodup-live/goodup/dashboard-add-listing.html]
[themezhub.net/goodup-live/goodup/employer-detail.html]
[themezhub.net/goodup-live/goodup/event-detail.html]
[themezhub.net/goodup-live/goodup/search-car.html]
[themezhub.net/goodup-live/goodup/search-property.html]
[themezhub.net/goodup-live/goodup/assets/img/user-2.jpg]
[themezhub.net/goodup-live/goodup/assets/img/user-4.jpg]
[themezhub.net/goodup-live/goodup/assets/img/user-5.jpg]
[themezhub.net/goodup-live/goodup/blog-detail.html]
[themezhub.net/goodup-live/goodup/search.html]
[themezhub.net/goodup-live/goodup/listing-detail-2.html]
[themezhub.net/goodup-live/goodup/assets/js/map_infobox.js]
[themezhub.net/goodup-live/goodup/assets/js/markerclusterer.js]
[themezhub.net/goodup-live/goodup/assets/js/map.js]
[themezhub.net/goodup-live/goodup/assets/img/verify.svg]
[themezhub.net/goodup-live/goodup/assets/js/plugins/morris.js/morris.css]
[themezhub.net/goodup-live/goodup/assets/js/plugins/raphael/raphael.min.js]
[themezhub.net/goodup-live/goodup/assets/js/plugins/morris.js/morris.min.js]
[themezhub.net/goodup-live/goodup/assets/js/plugins/dashboard-2.js]
[themezhub.net/goodup-live/goodup/assets/css/plugins/fonts/slick.html]
[themezhub.net/goodup-live/goodup/assets/css/fonts/themify9f24.svg]
[themezhub.net/goodup-live/goodup/assets/css/plugins/fonts/LineIcons.html]
[themezhub.net/goodup-live/goodup/assets/css/fonts/LineIcons.svg]
[themezhub.net/goodup-live/goodup/assets/css/fonts/fa-brands-400.svg]
[themezhub.net/goodup-live/goodup/assets/css/fonts/fa-regular-400.svg]
[themezhub.net/goodup-live/goodup/assets/css/fonts/fa-solid-900.svg]
[themezhub.net/goodup-live/goodup/assets/css/fonts/Flaticon.svg]
[themezhub.net/goodup-live/goodup/assets/css/fonts/houses.svg]
[themezhub.net/goodup-live/goodup/employer-detail.html]
=======
>>>>>>> Gestion_Reclamation
