[coderthemes.com/adminto/layouts/index.html]
[backblue.gif]
[fade.gif]
[index.html]
[coderthemes.com/adminto/layouts/assets/images/favicon.ico]
[coderthemes.com/adminto/layouts/assets/css/app.min.css]
[coderthemes.com/adminto/layouts/assets/images/users/user-2.jpg]
[coderthemes.com/adminto/layouts/assets/css/icons.min.css]
[coderthemes.com/adminto/layouts/assets/images/users/user-5.jpg]
[coderthemes.com/adminto/layouts/assets/images/users/user-1.jpg]
[coderthemes.com/adminto/layouts/assets/images/users/user-4.jpg]
[coderthemes.com/adminto/layouts/contacts-profile.html]
[coderthemes.com/adminto/layouts/auth-lock-screen.html]
[coderthemes.com/adminto/layouts/auth-logout.html]
[coderthemes.com/adminto/layouts/assets/images/logo-sm.png]
[coderthemes.com/adminto/layouts/assets/images/logo-light.png]
[coderthemes.com/adminto/layouts/assets/images/logo-dark.png]
[coderthemes.com/adminto/layouts/apps-calendar.html]
[coderthemes.com/adminto/layouts/apps-chat.html]
[coderthemes.com/adminto/layouts/email-inbox.html]
[coderthemes.com/adminto/layouts/email-templates.html]
[coderthemes.com/adminto/layouts/task-kanban-board.html]
[coderthemes.com/adminto/layouts/task-details.html]
[coderthemes.com/adminto/layouts/apps-projects.html]
[coderthemes.com/adminto/layouts/contacts-list.html]
[coderthemes.com/adminto/layouts/auth-login.html]
[coderthemes.com/adminto/layouts/auth-register.html]
[coderthemes.com/adminto/layouts/auth-recoverpw.html]
[coderthemes.com/adminto/layouts/auth-confirm-mail.html]
[coderthemes.com/adminto/layouts/pages-starter.html]
[coderthemes.com/adminto/layouts/pages-pricing.html]
[coderthemes.com/adminto/layouts/pages-timeline.html]
[coderthemes.com/adminto/layouts/pages-invoice.html]
[coderthemes.com/adminto/layouts/pages-faqs.html]
[coderthemes.com/adminto/layouts/pages-gallery.html]
[coderthemes.com/adminto/layouts/pages-404.html]
[coderthemes.com/adminto/layouts/pages-500.html]
[coderthemes.com/adminto/layouts/pages-maintenance.html]
[coderthemes.com/adminto/layouts/pages-coming-soon.html]
[coderthemes.com/adminto/layouts/layouts-horizontal.html]
[coderthemes.com/adminto/layouts/layouts-preloader.html]
[coderthemes.com/adminto/layouts/ui-buttons.html]
[coderthemes.com/adminto/layouts/ui-cards.html]
[coderthemes.com/adminto/layouts/ui-avatars.html]
[coderthemes.com/adminto/layouts/ui-tabs-accordions.html]
[coderthemes.com/adminto/layouts/ui-modals.html]
[coderthemes.com/adminto/layouts/ui-progress.html]
[coderthemes.com/adminto/layouts/ui-notifications.html]
[coderthemes.com/adminto/layouts/ui-offcanvas.html]
[coderthemes.com/adminto/layouts/ui-placeholders.html]
[coderthemes.com/adminto/layouts/ui-spinners.html]
[coderthemes.com/adminto/layouts/ui-images.html]
[coderthemes.com/adminto/layouts/ui-carousel.html]
[coderthemes.com/adminto/layouts/ui-video.html]
[coderthemes.com/adminto/layouts/ui-dropdowns.html]
[coderthemes.com/adminto/layouts/ui-tooltips-popovers.html]
[coderthemes.com/adminto/layouts/ui-general.html]
[coderthemes.com/adminto/layouts/ui-typography.html]
[coderthemes.com/adminto/layouts/ui-grid.html]
[coderthemes.com/adminto/layouts/widgets.html]
[coderthemes.com/adminto/layouts/extended-range-slider.html]
[coderthemes.com/adminto/layouts/extended-sweet-alert.html]
[coderthemes.com/adminto/layouts/extended-draggable-cards.html]
[coderthemes.com/adminto/layouts/extended-tour.html]
[coderthemes.com/adminto/layouts/extended-notification.html]
[coderthemes.com/adminto/layouts/extended-treeview.html]
[coderthemes.com/adminto/layouts/icons-feather.html]
[coderthemes.com/adminto/layouts/icons-mdi.html]
[coderthemes.com/adminto/layouts/icons-dripicons.html]
[coderthemes.com/adminto/layouts/icons-font-awesome.html]
[coderthemes.com/adminto/layouts/icons-themify.html]
[coderthemes.com/adminto/layouts/forms-elements.html]
[coderthemes.com/adminto/layouts/forms-advanced.html]
[coderthemes.com/adminto/layouts/forms-validation.html]
[coderthemes.com/adminto/layouts/forms-wizard.html]
[coderthemes.com/adminto/layouts/forms-quilljs.html]
[coderthemes.com/adminto/layouts/forms-pickers.html]
[coderthemes.com/adminto/layouts/forms-file-uploads.html]
[coderthemes.com/adminto/layouts/forms-x-editable.html]
[coderthemes.com/adminto/layouts/tables-basic.html]
[coderthemes.com/adminto/layouts/tables-datatables.html]
[coderthemes.com/adminto/layouts/tables-editable.html]
[coderthemes.com/adminto/layouts/tables-responsive.html]
[coderthemes.com/adminto/layouts/tables-tablesaw.html]
[coderthemes.com/adminto/layouts/charts-flot.html]
[coderthemes.com/adminto/layouts/charts-morris.html]
[coderthemes.com/adminto/layouts/charts-chartjs.html]
[coderthemes.com/adminto/layouts/charts-chartist.html]
[coderthemes.com/adminto/layouts/charts-sparklines.html]
[coderthemes.com/adminto/layouts/maps-google.html]
[coderthemes.com/adminto/layouts/maps-vector.html]
[coderthemes.com/adminto/layouts/assets/images/users/user-3.jpg]
[coderthemes.com/adminto/layouts/assets/images/users/user-10.jpg]
[coderthemes.com/adminto/layouts/assets/libs/jquery/jquery.min.js]
[coderthemes.com/adminto/layouts/assets/libs/bootstrap/js/bootstrap.bundle.min.js]
[coderthemes.com/adminto/layouts/assets/libs/simplebar/simplebar.min.js]
[coderthemes.com/adminto/layouts/assets/libs/node-waves/waves.min.js]
[coderthemes.com/adminto/layouts/assets/libs/waypoints/lib/jquery.waypoints.min.js]
[coderthemes.com/adminto/layouts/assets/libs/jquery.counterup/jquery.counterup.min.js]
[coderthemes.com/adminto/layouts/assets/libs/feather-icons/feather.min.js]
[coderthemes.com/adminto/layouts/assets/libs/jquery-knob/jquery.knob.min.js]
[coderthemes.com/adminto/layouts/assets/libs/morris.js06/morris.min.js]
[coderthemes.com/adminto/layouts/assets/libs/raphael/raphael.min.js]
[coderthemes.com/adminto/layouts/assets/js/pages/dashboard.init.js]
[coderthemes.com/adminto/layouts/assets/js/app.min.js]
[coderthemes.com/adminto/layouts/index.html]
[coderthemes.com/adminto/layouts/assets/images/megamenu-bg.png]
[coderthemes.com/adminto/layouts/assets/images/bg-auth3.png]
[coderthemes.com/adminto/layouts/assets/images/multiple-arrow.png]
[coderthemes.com/adminto/layouts/assets/fonts/dropify.eot]
[coderthemes.com/adminto/layouts/assets/fonts/dropify.woff]
[coderthemes.com/adminto/layouts/assets/fonts/dropify.ttf]
[coderthemes.com/adminto/layouts/assets/images/clear.png]
[coderthemes.com/adminto/layouts/assets/images/loading.gif]
[coderthemes.com/adminto/layouts/assets/images/jstree.png]
[coderthemes.com/adminto/layouts/assets/css/app.min.css]
[coderthemes.com/adminto/layouts/assets/fonts/dripicons-v2.eot]
[coderthemes.com/adminto/layouts/assets/fonts/dripicons-v2d41d.eot]
[coderthemes.com/adminto/layouts/assets/fonts/dripicons-v2.woff]
[coderthemes.com/adminto/layouts/assets/fonts/dripicons-v2.ttf]
[coderthemes.com/adminto/layouts/assets/fonts/materialdesignicons-webfont3e71.eot]
[coderthemes.com/adminto/layouts/assets/fonts/materialdesignicons-webfontd41d.eot]
[coderthemes.com/adminto/layouts/assets/fonts/materialdesignicons-webfont3e71.woff2]
[coderthemes.com/adminto/layouts/assets/fonts/materialdesignicons-webfont3e71.woff]
[coderthemes.com/adminto/layouts/assets/fonts/materialdesignicons-webfont3e71.ttf]
[coderthemes.com/adminto/layouts/assets/fonts/feathere8ab.eot]
[coderthemes.com/adminto/layouts/assets/fonts/feathere8ab.woff]
[coderthemes.com/adminto/layouts/assets/fonts/feathere8ab.ttf]
[coderthemes.com/adminto/layouts/assets/fonts/themify9f24.eot]
[coderthemes.com/adminto/layouts/assets/fonts/themifyd41d.eot]
[coderthemes.com/adminto/layouts/assets/fonts/themify9f24.woff]
[coderthemes.com/adminto/layouts/assets/fonts/themify9f24.ttf]
[coderthemes.com/adminto/layouts/assets/fonts/fa-brands-400.eot]
[coderthemes.com/adminto/layouts/assets/fonts/fa-brands-400d41d.eot]
[coderthemes.com/adminto/layouts/assets/fonts/fa-brands-400.woff2]
[coderthemes.com/adminto/layouts/assets/fonts/fa-brands-400.woff]
[coderthemes.com/adminto/layouts/assets/fonts/fa-brands-400.ttf]
[coderthemes.com/adminto/layouts/assets/fonts/fa-regular-400.eot]
[coderthemes.com/adminto/layouts/assets/fonts/fa-regular-400d41d.eot]
[coderthemes.com/adminto/layouts/assets/fonts/fa-regular-400.woff2]
[coderthemes.com/adminto/layouts/assets/fonts/fa-regular-400.woff]
[coderthemes.com/adminto/layouts/assets/fonts/fa-regular-400.ttf]
[coderthemes.com/adminto/layouts/assets/fonts/fa-solid-900.eot]
[coderthemes.com/adminto/layouts/assets/fonts/fa-solid-900d41d.eot]
[coderthemes.com/adminto/layouts/assets/fonts/fa-solid-900.woff2]
[coderthemes.com/adminto/layouts/assets/fonts/fa-solid-900.woff]
[coderthemes.com/adminto/layouts/assets/fonts/fa-solid-900.ttf]
[coderthemes.com/adminto/layouts/assets/fonts/simple-Line-Icons4c82.eot]
[coderthemes.com/adminto/layouts/assets/fonts/simple-Line-Iconsd41d.eot]
[coderthemes.com/adminto/layouts/assets/fonts/simple-Line-Icons4c82.ttf]
[coderthemes.com/adminto/layouts/assets/fonts/simple-Line-Icons4c82.woff2]
[coderthemes.com/adminto/layouts/assets/fonts/simple-Line-Icons4c82.woff]
[coderthemes.com/adminto/layouts/assets/fonts/weathericons-regular-webfont.eot]
[coderthemes.com/adminto/layouts/assets/fonts/weathericons-regular-webfontd41d.eot]
[coderthemes.com/adminto/layouts/assets/fonts/weathericons-regular-webfont.woff2]
[coderthemes.com/adminto/layouts/assets/fonts/weathericons-regular-webfont.woff]
[coderthemes.com/adminto/layouts/assets/fonts/weathericons-regular-webfont.ttf]
[coderthemes.com/adminto/layouts/assets/css/icons.min.css]
[coderthemes.com/adminto/layouts/assets/images/users/profile.jpg]
[coderthemes.com/adminto/layouts/assets/images/small/img-1.jpg]
[coderthemes.com/adminto/layouts/assets/images/small/img-2.jpg]
[coderthemes.com/adminto/layouts/assets/images/small/img-3.jpg]
[coderthemes.com/adminto/layouts/assets/images/users/user-6.jpg]
[coderthemes.com/adminto/layouts/assets/images/users/user-7.jpg]
[coderthemes.com/adminto/layouts/contacts-profile.html]
[coderthemes.com/adminto/layouts/auth-lock-screen.html]
[coderthemes.com/adminto/layouts/auth-logout.html]
[coderthemes.com/adminto/layouts/assets/libs/fullcalendar/main.min.css]
[coderthemes.com/adminto/layouts/assets/libs/moment/min/moment.min.js]
[coderthemes.com/adminto/layouts/assets/js/pages/calendar.init.js]
[coderthemes.com/adminto/layouts/apps-calendar.html]
[coderthemes.com/adminto/layouts/apps-chat.html]
[coderthemes.com/adminto/layouts/assets/libs/fullcalendar/main.min.js]
[coderthemes.com/adminto/layouts/assets/libs/quill/quill.core.css]
[coderthemes.com/adminto/layouts/assets/libs/quill/quill.snow.css]
[coderthemes.com/adminto/layouts/assets/libs/quill/quill.min.js]
[coderthemes.com/adminto/layouts/assets/js/pages/inbox.js]
[coderthemes.com/adminto/layouts/email-inbox.html]
[coderthemes.com/adminto/layouts/email-templates-action.html]
[coderthemes.com/adminto/layouts/assets/images/email/1.png]
[coderthemes.com/adminto/layouts/email-templates-alert.html]
[coderthemes.com/adminto/layouts/assets/images/email/2.png]
[coderthemes.com/adminto/layouts/email-templates-billing.html]
[coderthemes.com/adminto/layouts/assets/images/email/3.png]
[coderthemes.com/adminto/layouts/email-templates.html]
[coderthemes.com/adminto/layouts/assets/libs/custombox/custombox.min.css]
[coderthemes.com/adminto/layouts/assets/images/users/user-8.jpg]
[coderthemes.com/adminto/layouts/assets/images/users/user-9.jpg]
[coderthemes.com/adminto/layouts/assets/libs/custombox/custombox.min.js]
[coderthemes.com/adminto/layouts/assets/libs/jquery-ui/jquery-ui.min.js]
[coderthemes.com/adminto/layouts/assets/js/pages/kanban.init.js]
[coderthemes.com/adminto/layouts/task-kanban-board.html]
[coderthemes.com/adminto/layouts/assets/libs/dropzone/min/dropzone.min.css]
[coderthemes.com/adminto/layouts/assets/libs/bootstrap-tagsinput/bootstrap-tagsinput.css]
[coderthemes.com/adminto/layouts/assets/libs/multiselect/css/multi-select.css]
[coderthemes.com/adminto/layouts/assets/libs/select2/css/select2.min.css]
[coderthemes.com/adminto/layouts/assets/libs/selectize/css/selectize.bootstrap3.css]
[coderthemes.com/adminto/layouts/assets/images/attached-files/img-1.jpg]
[coderthemes.com/adminto/layouts/assets/images/attached-files/img-2.jpg]
[coderthemes.com/adminto/layouts/assets/images/attached-files/img-3.jpg]
[coderthemes.com/adminto/layouts/assets/libs/selectize/js/standalone/selectize.min.js]
[coderthemes.com/adminto/layouts/assets/libs/dropzone/min/dropzone.min.js]
[coderthemes.com/adminto/layouts/assets/libs/multiselect/js/jquery.multi-select.js]
[coderthemes.com/adminto/layouts/assets/libs/select2/js/select2.min.js]
[coderthemes.com/adminto/layouts/assets/js/pages/task-detail.init.js]
[coderthemes.com/adminto/layouts/task-details.html]
[coderthemes.com/adminto/layouts/apps-projects.html]
[coderthemes.com/adminto/layouts/contacts-list.html]
[coderthemes.com/adminto/layouts/auth-login.html]
[coderthemes.com/adminto/layouts/auth-register.html]
[coderthemes.com/adminto/layouts/auth-recoverpw.html]
[coderthemes.com/adminto/layouts/assets/images/mail_confirm.png]
[coderthemes.com/adminto/layouts/auth-confirm-mail.html]
[coderthemes.com/adminto/layouts/pages-starter.html]
[coderthemes.com/adminto/layouts/pages-pricing.html]
[coderthemes.com/adminto/layouts/pages-timeline.html]
[coderthemes.com/adminto/layouts/pages-invoice.html]
[coderthemes.com/adminto/layouts/pages-faqs.html]
[coderthemes.com/adminto/layouts/assets/libs/magnific-popup/magnific-popup.css]
[coderthemes.com/adminto/layouts/assets/images/gallery/1.jpg]
[coderthemes.com/adminto/layouts/assets/images/gallery/2.jpg]
[coderthemes.com/adminto/layouts/assets/images/gallery/3.jpg]
[coderthemes.com/adminto/layouts/assets/images/gallery/4.jpg]
[coderthemes.com/adminto/layouts/assets/images/gallery/5.jpg]
[coderthemes.com/adminto/layouts/assets/images/gallery/6.jpg]
[coderthemes.com/adminto/layouts/assets/images/gallery/7.jpg]
[coderthemes.com/adminto/layouts/assets/images/gallery/8.jpg]
[coderthemes.com/adminto/layouts/assets/images/gallery/9.jpg]
[coderthemes.com/adminto/layouts/assets/images/gallery/10.jpg]
[coderthemes.com/adminto/layouts/assets/images/gallery/11.jpg]
[coderthemes.com/adminto/layouts/assets/images/gallery/12.jpg]
[coderthemes.com/adminto/layouts/assets/libs/isotope-layout/isotope.pkgd.min.js]
[coderthemes.com/adminto/layouts/assets/libs/magnific-popup/jquery.magnific-popup.min.js]
[coderthemes.com/adminto/layouts/assets/js/pages/gallery.init.js]
[coderthemes.com/adminto/layouts/pages-gallery.html]
[coderthemes.com/adminto/layouts/pages-404.html]
[coderthemes.com/adminto/layouts/pages-500.html]
[coderthemes.com/adminto/layouts/pages-maintenance.html]
[coderthemes.com/adminto/layouts/assets/libs/jquery-countdown/jquery.countdown.min.js]
[coderthemes.com/adminto/layouts/assets/js/pages/coming-soon.init.js]
[coderthemes.com/adminto/layouts/pages-coming-soon.html]
[coderthemes.com/adminto/layouts/layouts-horizontal.html]
[coderthemes.com/adminto/layouts/layouts-preloader.html]
[coderthemes.com/adminto/layouts/ui-buttons.html]
[coderthemes.com/adminto/layouts/ui-cards.html]
[coderthemes.com/adminto/layouts/ui-avatars.html]
[coderthemes.com/adminto/layouts/ui-tabs-accordions.html]
[coderthemes.com/adminto/layouts/ui-modals.html]
[coderthemes.com/adminto/layouts/ui-progress.html]
[coderthemes.com/adminto/layouts/assets/libs/jquery-toast-plugin/jquery.toast.min.js]
[coderthemes.com/adminto/layouts/ui-notifications.html]
[coderthemes.com/adminto/layouts/ui-offcanvas.html]
[coderthemes.com/adminto/layouts/ui-placeholders.html]
[coderthemes.com/adminto/layouts/ui-spinners.html]
[coderthemes.com/adminto/layouts/ui-images.html]
[coderthemes.com/adminto/layouts/assets/images/small/img-4.jpg]
[coderthemes.com/adminto/layouts/ui-carousel.html]
[coderthemes.com/adminto/layouts/ui-video.html]
[coderthemes.com/adminto/layouts/ui-dropdowns.html]
[coderthemes.com/adminto/layouts/ui-tooltips-popovers.html]
[coderthemes.com/adminto/layouts/ui-general.html]
[coderthemes.com/adminto/layouts/ui-typography.html]
[coderthemes.com/adminto/layouts/ui-grid.html]
[coderthemes.com/adminto/layouts/assets/libs/tippy.js/tippy.all.min.js]
[coderthemes.com/adminto/layouts/assets/libs/sweetalert2/sweetalert2.min.css]
[coderthemes.com/adminto/layouts/assets/libs/jquery-sparkline/jquery.sparkline.min.js]
[coderthemes.com/adminto/layouts/assets/libs/jquery.scrollto/jquery.scrollTo.min.js]
[coderthemes.com/adminto/layouts/assets/libs/sweetalert2/sweetalert2.min.js]
[coderthemes.com/adminto/layouts/assets/js/pages/jquery.chat.js]
[coderthemes.com/adminto/layouts/assets/js/pages/jquery.todo.js]
[coderthemes.com/adminto/layouts/assets/js/pages/widgets.init.js]
[coderthemes.com/adminto/layouts/widgets.html]
[coderthemes.com/adminto/layouts/assets/libs/ion-rangeslider/css/ion.rangeSlider.min.css]
[coderthemes.com/adminto/layouts/assets/libs/ion-rangeslider/js/ion.rangeSlider.min.js]
[coderthemes.com/adminto/layouts/assets/js/pages/range-sliders.init.js]
[coderthemes.com/adminto/layouts/extended-range-slider.html]
[coderthemes.com/adminto/layouts/assets/libs/sweetalert2/sweetalert2.all.min.js]
[coderthemes.com/adminto/layouts/assets/js/pages/sweet-alerts.init.js]
[coderthemes.com/adminto/layouts/extended-sweet-alert.html]
[coderthemes.com/adminto/layouts/assets/js/pages/draggable.init.js]
[coderthemes.com/adminto/layouts/extended-draggable-cards.html]
[coderthemes.com/adminto/layouts/assets/libs/hopscotch/css/hopscotch.min.css]
[coderthemes.com/adminto/layouts/assets/libs/hopscotch/js/hopscotch.min.js]
[coderthemes.com/adminto/layouts/assets/js/pages/tour.init.js]
[coderthemes.com/adminto/layouts/extended-tour.html]
[coderthemes.com/adminto/layouts/assets/libs/toastr/build/toastr.min.css]
[coderthemes.com/adminto/layouts/assets/libs/toastr/build/toastr.min.js]
[coderthemes.com/adminto/layouts/assets/js/pages/toastr.init.js]
[coderthemes.com/adminto/layouts/extended-notification.html]
[coderthemes.com/adminto/layouts/assets/libs/jstree/themes/default/style.min.css]
[coderthemes.com/adminto/layouts/assets/libs/jstree/jstree.min.js]
[coderthemes.com/adminto/layouts/assets/js/pages/treeview.init.js]
[coderthemes.com/adminto/layouts/extended-treeview.html]
[coderthemes.com/adminto/layouts/icons-feather.html]
[coderthemes.com/adminto/layouts/icons-mdi.html]
[coderthemes.com/adminto/layouts/icons-dripicons.html]
[coderthemes.com/adminto/layouts/assets/js/pages/materialdesign.init.js]
[coderthemes.com/adminto/layouts/icons-font-awesome.html]
[coderthemes.com/adminto/layouts/icons-themify.html]
[coderthemes.com/adminto/layouts/forms-elements.html]
[coderthemes.com/adminto/layouts/assets/js/pages/fontawesome.init.js]
[coderthemes.com/adminto/layouts/assets/libs/mohithg-switchery/switchery.min.css]
[coderthemes.com/adminto/layouts/assets/libs/bootstrap-touchspin/jquery.bootstrap-touchspin.min.css]
[coderthemes.com/adminto/layouts/assets/libs/mohithg-switchery/switchery.min.js]
[coderthemes.com/adminto/layouts/assets/libs/jquery-mockjax/jquery.mockjax.min.js]
[coderthemes.com/adminto/layouts/assets/libs/devbridge-autocomplete/jquery.autocomplete.min.js]
[coderthemes.com/adminto/layouts/assets/libs/bootstrap-touchspin/jquery.bootstrap-touchspin.min.js]
[coderthemes.com/adminto/layouts/assets/libs/bootstrap-maxlength/bootstrap-maxlength.min.js]
[coderthemes.com/adminto/layouts/assets/js/pages/form-advanced.init.js]
[coderthemes.com/adminto/layouts/forms-advanced.html]
[coderthemes.com/adminto/layouts/assets/libs/parsleyjs/parsley.min.js]
[coderthemes.com/adminto/layouts/assets/js/pages/form-validation.init.js]
[coderthemes.com/adminto/layouts/forms-validation.html]
[coderthemes.com/adminto/layouts/assets/libs/twitter-bootstrap-wizard/jquery.bootstrap.wizard.min.js]
[coderthemes.com/adminto/layouts/assets/js/pages/form-wizard.init.js]
[coderthemes.com/adminto/layouts/forms-wizard.html]
[coderthemes.com/adminto/layouts/assets/libs/quill/quill.bubble.css]
[coderthemes.com/adminto/layouts/assets/js/pages/form-quilljs.init.js]
[coderthemes.com/adminto/layouts/forms-quilljs.html]
[coderthemes.com/adminto/layouts/assets/libs/spectrum-colorpicker2/spectrum.min.css]
[coderthemes.com/adminto/layouts/assets/libs/flatpickr/flatpickr.min.css]
[coderthemes.com/adminto/layouts/assets/libs/clockpicker/bootstrap-clockpicker.min.css]
[coderthemes.com/adminto/layouts/assets/libs/bootstrap-datepicker/css/bootstrap-datepicker.min.css]
[coderthemes.com/adminto/layouts/assets/libs/flatpickr/flatpickr.min.js]
[coderthemes.com/adminto/layouts/assets/libs/spectrum-colorpicker2/spectrum.min.js]
[coderthemes.com/adminto/layouts/assets/libs/clockpicker/bootstrap-clockpicker.min.js]
[coderthemes.com/adminto/layouts/assets/libs/bootstrap-datepicker/js/bootstrap-datepicker.min.js]
[coderthemes.com/adminto/layouts/assets/js/pages/form-pickers.init.js]
[coderthemes.com/adminto/layouts/forms-pickers.html]
[coderthemes.com/adminto/layouts/assets/libs/dropify/css/dropify.min.css]
[coderthemes.com/adminto/layouts/assets/libs/dropify/js/dropify.min.js]
[coderthemes.com/adminto/layouts/assets/js/pages/form-fileuploads.init.js]
[coderthemes.com/adminto/layouts/forms-file-uploads.html]
[coderthemes.com/adminto/layouts/assets/libs/x-editable/bootstrap-editable/css/bootstrap-editable.css]
[coderthemes.com/adminto/layouts/assets/libs/x-editable/bootstrap-editable/js/bootstrap-editable.min.js]
[coderthemes.com/adminto/layouts/assets/js/pages/form-xeditable.init.js]
[coderthemes.com/adminto/layouts/forms-x-editable.html]
[coderthemes.com/adminto/layouts/tables-basic.html]
[coderthemes.com/adminto/layouts/assets/libs/datatables.net-bs5/css/dataTables.bootstrap5.min.css]
[coderthemes.com/adminto/layouts/assets/libs/datatables.net-responsive-bs5/css/responsive.bootstrap5.min.css]
[coderthemes.com/adminto/layouts/assets/libs/datatables.net-buttons-bs5/css/buttons.bootstrap5.min.css]
[coderthemes.com/adminto/layouts/assets/libs/datatables.net-select-bs5/css/select.bootstrap5.min.css]
[coderthemes.com/adminto/layouts/assets/libs/datatables.net/js/jquery.dataTables.min.js]
[coderthemes.com/adminto/layouts/assets/libs/datatables.net-bs5/js/dataTables.bootstrap5.min.js]
[coderthemes.com/adminto/layouts/assets/libs/datatables.net-responsive/js/dataTables.responsive.min.js]
[coderthemes.com/adminto/layouts/assets/libs/datatables.net-responsive-bs5/js/responsive.bootstrap5.min.js]
[coderthemes.com/adminto/layouts/assets/libs/datatables.net-buttons/js/dataTables.buttons.min.js]
[coderthemes.com/adminto/layouts/assets/libs/datatables.net-buttons-bs5/js/buttons.bootstrap5.min.js]
[coderthemes.com/adminto/layouts/assets/libs/datatables.net-buttons/js/buttons.html5.min.js]
[coderthemes.com/adminto/layouts/assets/libs/datatables.net-buttons/js/buttons.flash.min.js]
[coderthemes.com/adminto/layouts/assets/libs/datatables.net-buttons/js/buttons.print.min.js]
[coderthemes.com/adminto/layouts/assets/libs/datatables.net-keytable/js/dataTables.keyTable.min.js]
[coderthemes.com/adminto/layouts/assets/libs/datatables.net-select/js/dataTables.select.min.js]
[coderthemes.com/adminto/layouts/assets/js/pages/datatables.init.js]
[coderthemes.com/adminto/layouts/tables-datatables.html]
[coderthemes.com/adminto/layouts/assets/libs/jquery-tabledit/jquery.tabledit.min.js]
[coderthemes.com/adminto/layouts/assets/libs/pdfmake/build/pdfmake.min.js]
[coderthemes.com/adminto/layouts/assets/libs/pdfmake/build/vfs_fonts.js]
[coderthemes.com/adminto/layouts/assets/js/pages/tabledit.init.js]
[coderthemes.com/adminto/layouts/tables-editable.html]
[coderthemes.com/adminto/layouts/assets/libs/admin-resources/rwd-table/rwd-table.min.css]
[coderthemes.com/adminto/layouts/assets/libs/admin-resources/rwd-table/rwd-table.min.js]
[coderthemes.com/adminto/layouts/assets/js/pages/responsive-table.init.js]
[coderthemes.com/adminto/layouts/tables-responsive.html]
[coderthemes.com/adminto/layouts/assets/libs/tablesaw/tablesaw.css]
[coderthemes.com/adminto/layouts/assets/libs/tablesaw/tablesaw.js]
[coderthemes.com/adminto/layouts/assets/js/pages/tablesaw.init.js]
[coderthemes.com/adminto/layouts/tables-tablesaw.html]
[coderthemes.com/adminto/layouts/assets/libs/flot-charts/jquery.flot.js]
[coderthemes.com/adminto/layouts/assets/libs/flot-charts/jquery.flot.time.js]
[coderthemes.com/adminto/layouts/assets/libs/jquery.flot.tooltip/js/jquery.flot.tooltip.min.js]
[coderthemes.com/adminto/layouts/assets/libs/flot-charts/jquery.flot.resize.js]
[coderthemes.com/adminto/layouts/assets/libs/flot-charts/jquery.flot.pie.js]
[coderthemes.com/adminto/layouts/assets/libs/flot-charts/jquery.flot.selection.js]
[coderthemes.com/adminto/layouts/assets/libs/flot-charts/jquery.flot.stack.js]
[coderthemes.com/adminto/layouts/assets/libs/flot-orderbars/js/jquery.flot.orderBars.js]
[coderthemes.com/adminto/layouts/assets/libs/flot-charts/jquery.flot.crosshair.js]
[coderthemes.com/adminto/layouts/assets/js/pages/flot.init.js]
[coderthemes.com/adminto/layouts/charts-flot.html]
[coderthemes.com/adminto/layouts/assets/js/pages/morris.init.js]
[coderthemes.com/adminto/layouts/charts-morris.html]
[coderthemes.com/adminto/layouts/assets/libs/chart.js/Chart.bundle.min.js]
[coderthemes.com/adminto/layouts/assets/js/pages/chartjs.init.js]
[coderthemes.com/adminto/layouts/charts-chartjs.html]
[coderthemes.com/adminto/layouts/assets/libs/chartist/chartist.min.css]
[coderthemes.com/adminto/layouts/assets/libs/chartist/chartist.min.js]
[coderthemes.com/adminto/layouts/assets/libs/chartist-plugin-tooltips/chartist-plugin-tooltip.min.js]
[coderthemes.com/adminto/layouts/assets/js/pages/chartist.init.js]
[coderthemes.com/adminto/layouts/charts-chartist.html]
[coderthemes.com/adminto/layouts/assets/libs/peity/jquery.peity.min.js]
[coderthemes.com/adminto/layouts/assets/js/pages/chart-sparkline.init.js]
[coderthemes.com/adminto/layouts/charts-sparklines.html]
[coderthemes.com/adminto/layouts/assets/libs/gmaps/gmaps.min.js]
[coderthemes.com/adminto/layouts/assets/js/pages/google-maps.init.js]
[coderthemes.com/adminto/layouts/maps-google.html]
[coderthemes.com/adminto/layouts/assets/libs/admin-resources/jquery.vectormap/jquery-jvectormap-1.2.2.css]
[coderthemes.com/adminto/layouts/assets/libs/admin-resources/jquery.vectormap/jquery-jvectormap-1.2.2.min.js]
[coderthemes.com/adminto/layouts/assets/libs/admin-resources/jquery.vectormap/maps/jquery-jvectormap-world-mill-en.js]
[coderthemes.com/adminto/layouts/assets/libs/admin-resources/jquery.vectormap/maps/jquery-jvectormap-us-merc-en.js]
[coderthemes.com/adminto/layouts/assets/libs/admin-resources/jquery.vectormap/maps/jquery-jvectormap-au-mill-en.js]
[coderthemes.com/adminto/layouts/assets/libs/admin-resources/jquery.vectormap/maps/jquery-jvectormap-in-mill-en.js]
[coderthemes.com/adminto/layouts/assets/libs/admin-resources/jquery.vectormap/maps/jquery-jvectormap-us-il-chicago-mill-en.js]
[coderthemes.com/adminto/layouts/assets/libs/admin-resources/jquery.vectormap/maps/jquery-jvectormap-uk-mill-en.js]
[coderthemes.com/adminto/layouts/assets/libs/admin-resources/jquery.vectormap/maps/jquery-jvectormap-ca-lcc-en.js]
[coderthemes.com/adminto/layouts/assets/libs/admin-resources/jquery.vectormap/maps/jquery-jvectormap-europe-mill-en.js]
[coderthemes.com/adminto/layouts/assets/libs/admin-resources/jquery.vectormap/maps/jquery-jvectormap-fr-merc-en.js]
[coderthemes.com/adminto/layouts/assets/libs/admin-resources/jquery.vectormap/maps/jquery-jvectormap-es-merc.js]
[coderthemes.com/adminto/layouts/assets/libs/admin-resources/jquery.vectormap/maps/jquery-jvectormap-es-mill.js]
[coderthemes.com/adminto/layouts/assets/js/pages/vector-maps.init.js]
[coderthemes.com/adminto/layouts/maps-vector.html]
[coderthemes.com/adminto/layouts/assets/fonts/dropify.svg]
[coderthemes.com/adminto/layouts/assets/fonts/dripicons-v2.svg]
[coderthemes.com/adminto/layouts/assets/fonts/feathere8ab.svg]
[coderthemes.com/adminto/layouts/assets/fonts/themify9f24.svg]
[coderthemes.com/adminto/layouts/assets/fonts/fa-brands-400.svg]
[coderthemes.com/adminto/layouts/assets/fonts/fa-regular-400.svg]
[coderthemes.com/adminto/layouts/assets/fonts/fa-solid-900.svg]
[coderthemes.com/adminto/layouts/assets/fonts/simple-Line-Icons4c82.svg]
[coderthemes.com/adminto/layouts/assets/fonts/weathericons-regular-webfont.svg]
[coderthemes.com/adminto/layouts/pages-login.html]
[coderthemes.com/adminto/layouts/assets/libs/fullcalendar/main.min.css]
[coderthemes.com/adminto/layouts/assets/libs/quill/quill.core.css]
[coderthemes.com/adminto/layouts/assets/libs/quill/quill.snow.css]
[coderthemes.com/adminto/layouts/email-templates-action.html]
[coderthemes.com/adminto/layouts/email-templates-alert.html]
[coderthemes.com/adminto/layouts/email-templates-billing.html]
[coderthemes.com/adminto/layouts/assets/libs/custombox/custombox.min.css]
[coderthemes.com/adminto/layouts/assets/libs/dropzone/min/dropzone.min.css]
[coderthemes.com/adminto/layouts/assets/libs/bootstrap-tagsinput/bootstrap-tagsinput.css]
[coderthemes.com/adminto/layouts/assets/libs/multiselect/img/switch.png]
[coderthemes.com/adminto/layouts/assets/libs/multiselect/css/multi-select.css]
[coderthemes.com/adminto/layouts/assets/libs/select2/css/select2.min.css]
[coderthemes.com/adminto/layouts/assets/libs/selectize/css/selectize.bootstrap3.css]
[coderthemes.com/adminto/layouts/pages-recoverpw.html]
[coderthemes.com/adminto/layouts/pages-register.html]
[coderthemes.com/adminto/layouts/assets/libs/magnific-popup/magnific-popup.css]
[coderthemes.com/adminto/layouts/assets/libs/sweetalert2/sweetalert2.min.css]
[coderthemes.com/adminto/layouts/assets/libs/ion-rangeslider/css/ion.rangeSlider.min.css]
[coderthemes.com/adminto/layouts/assets/libs/hopscotch/img/sprite-green.png]
[coderthemes.com/adminto/layouts/assets/libs/hopscotch/css/hopscotch.min.css]
[coderthemes.com/adminto/layouts/assets/libs/toastr/build/toastr.min.css]
[coderthemes.com/adminto/layouts/assets/libs/jstree/themes/default/32px.png]
[coderthemes.com/adminto/layouts/assets/libs/jstree/themes/default/throbber.gif]
[coderthemes.com/adminto/layouts/assets/libs/jstree/themes/default/40px.png]
[coderthemes.com/adminto/layouts/assets/libs/jstree/themes/default/style.min.css]
[coderthemes.com/adminto/layouts/assets/libs/mohithg-switchery/switchery.min.css]
[coderthemes.com/adminto/layouts/assets/libs/bootstrap-touchspin/jquery.bootstrap-touchspin.min.css]
[coderthemes.com/adminto/layouts/assets/libs/quill/quill.bubble.css]
[coderthemes.com/adminto/layouts/assets/libs/spectrum-colorpicker2/spectrum.min.css]
[coderthemes.com/adminto/layouts/assets/libs/flatpickr/flatpickr.min.css]
[coderthemes.com/adminto/layouts/assets/libs/clockpicker/bootstrap-clockpicker.min.css]
[coderthemes.com/adminto/layouts/assets/libs/bootstrap-datepicker/css/bootstrap-datepicker.min.css]
[coderthemes.com/adminto/layouts/assets/libs/dropify/fonts/dropify.eot]
[coderthemes.com/adminto/layouts/assets/libs/dropify/fonts/dropify.woff]
[coderthemes.com/adminto/layouts/assets/libs/dropify/fonts/dropify.ttf]
[coderthemes.com/adminto/layouts/assets/libs/dropify/css/dropify.min.css]
[coderthemes.com/adminto/layouts/assets/libs/x-editable/bootstrap-editable/img/loading.gif]
[coderthemes.com/adminto/layouts/assets/libs/x-editable/bootstrap-editable/img/clear.png]
[coderthemes.com/adminto/layouts/assets/libs/x-editable/bootstrap-editable/css/bootstrap-editable.css]
[www.datatables.net/examples/resources/details_open.png]
[www.datatables.net/examples/resources/details_close.png]
[coderthemes.com/adminto/layouts/assets/libs/datatables.net-bs5/css/dataTables.bootstrap5.min.css]
[coderthemes.com/adminto/layouts/assets/libs/datatables.net-responsive-bs5/css/responsive.bootstrap5.min.css]
[coderthemes.com/adminto/layouts/assets/libs/datatables.net-buttons-bs5/css/buttons.bootstrap5.min.css]
[coderthemes.com/adminto/layouts/assets/libs/datatables.net-select-bs5/css/select.bootstrap5.min.css]
[coderthemes.com/adminto/layouts/assets/libs/admin-resources/rwd-table/rwd-table.min.css]
[coderthemes.com/adminto/layouts/assets/libs/tablesaw/tablesaw.css]
[coderthemes.com/adminto/layouts/assets/libs/chartist/chartist.min.css]
[coderthemes.com/adminto/layouts/assets/libs/admin-resources/jquery.vectormap/jquery-jvectormap-1.2.2.css]
[coderthemes.com/adminto/layouts/assets/libs/dropify/fonts/dropify.svg]
